2023-02-06 22:04:24,588 INFO [restartedMain] org.springframework.boot.StartupInfoLogger: Starting SioduqApplication using Java 11.0.16 on LAPTOP-N2TLGJAS with PID 17384 (C:\Users\natal\Documents\Workspace\SIODUQ\build\classes\java\main started by natal in C:\Users\natal\Documents\Workspace\SIODUQ)
2023-02-06 22:04:24,598 INFO [restartedMain] org.springframework.boot.SpringApplication: No active profile set, falling back to 1 default profile: "default"
2023-02-06 22:04:24,677 INFO [restartedMain] org.springframework.boot.logging.DeferredLog: The Class-Path manifest attribute in C:\Users\natal\.gradle\caches\modules-2\files-2.1\io.grpc\grpc-netty-shaded\1.30.0\1c4b42f8dcff48f5ef6c1fec3812f610e5b59b6a\grpc-netty-shaded-1.30.0.jar referenced one or more files that do not exist: file:/C:/Users/natal/.gradle/caches/modules-2/files-2.1/io.grpc/grpc-netty-shaded/1.30.0/1c4b42f8dcff48f5ef6c1fec3812f610e5b59b6a/grpc-core-1.30.0.jar,file:/C:/Users/natal/.gradle/caches/modules-2/files-2.1/io.grpc/grpc-netty-shaded/1.30.0/1c4b42f8dcff48f5ef6c1fec3812f610e5b59b6a/grpc-api-1.30.0.jar,file:/C:/Users/natal/.gradle/caches/modules-2/files-2.1/io.grpc/grpc-netty-shaded/1.30.0/1c4b42f8dcff48f5ef6c1fec3812f610e5b59b6a/gson-2.8.6.jar,file:/C:/Users/natal/.gradle/caches/modules-2/files-2.1/io.grpc/grpc-netty-shaded/1.30.0/1c4b42f8dcff48f5ef6c1fec3812f610e5b59b6a/annotations-4.1.1.4.jar,file:/C:/Users/natal/.gradle/caches/modules-2/files-2.1/io.grpc/grpc-netty-shaded/1.30.0/1c4b42f8dcff48f5ef6c1fec3812f610e5b59b6a/animal-sniffer-annotations-1.18.jar,file:/C:/Users/natal/.gradle/caches/modules-2/files-2.1/io.grpc/grpc-netty-shaded/1.30.0/1c4b42f8dcff48f5ef6c1fec3812f610e5b59b6a/error_prone_annotations-2.3.4.jar,file:/C:/Users/natal/.gradle/caches/modules-2/files-2.1/io.grpc/grpc-netty-shaded/1.30.0/1c4b42f8dcff48f5ef6c1fec3812f610e5b59b6a/guava-28.2-android.jar,file:/C:/Users/natal/.gradle/caches/modules-2/files-2.1/io.grpc/grpc-netty-shaded/1.30.0/1c4b42f8dcff48f5ef6c1fec3812f610e5b59b6a/perfmark-api-0.19.0.jar,file:/C:/Users/natal/.gradle/caches/modules-2/files-2.1/io.grpc/grpc-netty-shaded/1.30.0/1c4b42f8dcff48f5ef6c1fec3812f610e5b59b6a/jsr305-3.0.2.jar,file:/C:/Users/natal/.gradle/caches/modules-2/files-2.1/io.grpc/grpc-netty-shaded/1.30.0/1c4b42f8dcff48f5ef6c1fec3812f610e5b59b6a/grpc-context-1.30.0.jar,file:/C:/Users/natal/.gradle/caches/modules-2/files-2.1/io.grpc/grpc-netty-shaded/1.30.0/1c4b42f8dcff48f5ef6c1fec3812f610e5b59b6a/failureaccess-1.0.1.jar,file:/C:/Users/natal/.gradle/caches/modules-2/files-2.1/io.grpc/grpc-netty-shaded/1.30.0/1c4b42f8dcff48f5ef6c1fec3812f610e5b59b6a/listenablefuture-9999.0-empty-to-avoid-conflict-with-guava.jar,file:/C:/Users/natal/.gradle/caches/modules-2/files-2.1/io.grpc/grpc-netty-shaded/1.30.0/1c4b42f8dcff48f5ef6c1fec3812f610e5b59b6a/checker-compat-qual-2.5.5.jar,file:/C:/Users/natal/.gradle/caches/modules-2/files-2.1/io.grpc/grpc-netty-shaded/1.30.0/1c4b42f8dcff48f5ef6c1fec3812f610e5b59b6a/j2objc-annotations-1.3.jar
2023-02-06 22:04:24,680 INFO [restartedMain] org.springframework.boot.logging.DeferredLog: The Class-Path manifest attribute in C:\Users\natal\.gradle\caches\modules-2\files-2.1\io.grpc\grpc-alts\1.30.0\8d6229ee0da24e3e799a189b32a05263d99d9f6e\grpc-alts-1.30.0.jar referenced one or more files that do not exist: file:/C:/Users/natal/.gradle/caches/modules-2/files-2.1/io.grpc/grpc-alts/1.30.0/8d6229ee0da24e3e799a189b32a05263d99d9f6e/grpc-auth-1.30.0.jar,file:/C:/Users/natal/.gradle/caches/modules-2/files-2.1/io.grpc/grpc-alts/1.30.0/8d6229ee0da24e3e799a189b32a05263d99d9f6e/grpc-grpclb-1.30.0.jar,file:/C:/Users/natal/.gradle/caches/modules-2/files-2.1/io.grpc/grpc-alts/1.30.0/8d6229ee0da24e3e799a189b32a05263d99d9f6e/grpc-protobuf-1.30.0.jar,file:/C:/Users/natal/.gradle/caches/modules-2/files-2.1/io.grpc/grpc-alts/1.30.0/8d6229ee0da24e3e799a189b32a05263d99d9f6e/grpc-stub-1.30.0.jar,file:/C:/Users/natal/.gradle/caches/modules-2/files-2.1/io.grpc/grpc-alts/1.30.0/8d6229ee0da24e3e799a189b32a05263d99d9f6e/commons-lang3-3.5.jar,file:/C:/Users/natal/.gradle/caches/modules-2/files-2.1/io.grpc/grpc-alts/1.30.0/8d6229ee0da24e3e799a189b32a05263d99d9f6e/protobuf-java-util-3.12.0.jar,file:/C:/Users/natal/.gradle/caches/modules-2/files-2.1/io.grpc/grpc-alts/1.30.0/8d6229ee0da24e3e799a189b32a05263d99d9f6e/protobuf-java-3.12.0.jar,file:/C:/Users/natal/.gradle/caches/modules-2/files-2.1/io.grpc/grpc-alts/1.30.0/8d6229ee0da24e3e799a189b32a05263d99d9f6e/conscrypt-openjdk-uber-2.2.1.jar,file:/C:/Users/natal/.gradle/caches/modules-2/files-2.1/io.grpc/grpc-alts/1.30.0/8d6229ee0da24e3e799a189b32a05263d99d9f6e/google-auth-library-oauth2-http-0.20.0.jar,file:/C:/Users/natal/.gradle/caches/modules-2/files-2.1/io.grpc/grpc-alts/1.30.0/8d6229ee0da24e3e799a189b32a05263d99d9f6e/grpc-netty-shaded-1.30.0.jar,file:/C:/Users/natal/.gradle/caches/modules-2/files-2.1/io.grpc/grpc-alts/1.30.0/8d6229ee0da24e3e799a189b32a05263d99d9f6e/grpc-core-1.30.0.jar,file:/C:/Users/natal/.gradle/caches/modules-2/files-2.1/io.grpc/grpc-alts/1.30.0/8d6229ee0da24e3e799a189b32a05263d99d9f6e/grpc-protobuf-lite-1.30.0.jar,file:/C:/Users/natal/.gradle/caches/modules-2/files-2.1/io.grpc/grpc-alts/1.30.0/8d6229ee0da24e3e799a189b32a05263d99d9f6e/grpc-api-1.30.0.jar,file:/C:/Users/natal/.gradle/caches/modules-2/files-2.1/io.grpc/grpc-alts/1.30.0/8d6229ee0da24e3e799a189b32a05263d99d9f6e/guava-28.2-android.jar,file:/C:/Users/natal/.gradle/caches/modules-2/files-2.1/io.grpc/grpc-alts/1.30.0/8d6229ee0da24e3e799a189b32a05263d99d9f6e/error_prone_annotations-2.3.4.jar,file:/C:/Users/natal/.gradle/caches/modules-2/files-2.1/io.grpc/grpc-alts/1.30.0/8d6229ee0da24e3e799a189b32a05263d99d9f6e/google-auth-library-credentials-0.20.0.jar,file:/C:/Users/natal/.gradle/caches/modules-2/files-2.1/io.grpc/grpc-alts/1.30.0/8d6229ee0da24e3e799a189b32a05263d99d9f6e/animal-sniffer-annotations-1.18.jar,file:/C:/Users/natal/.gradle/caches/modules-2/files-2.1/io.grpc/grpc-alts/1.30.0/8d6229ee0da24e3e799a189b32a05263d99d9f6e/google-http-client-jackson2-1.34.0.jar,file:/C:/Users/natal/.gradle/caches/modules-2/files-2.1/io.grpc/grpc-alts/1.30.0/8d6229ee0da24e3e799a189b32a05263d99d9f6e/google-http-client-1.34.0.jar,file:/C:/Users/natal/.gradle/caches/modules-2/files-2.1/io.grpc/grpc-alts/1.30.0/8d6229ee0da24e3e799a189b32a05263d99d9f6e/perfmark-api-0.19.0.jar,file:/C:/Users/natal/.gradle/caches/modules-2/files-2.1/io.grpc/grpc-alts/1.30.0/8d6229ee0da24e3e799a189b32a05263d99d9f6e/jsr305-3.0.2.jar,file:/C:/Users/natal/.gradle/caches/modules-2/files-2.1/io.grpc/grpc-alts/1.30.0/8d6229ee0da24e3e799a189b32a05263d99d9f6e/proto-google-common-protos-1.17.0.jar,file:/C:/Users/natal/.gradle/caches/modules-2/files-2.1/io.grpc/grpc-alts/1.30.0/8d6229ee0da24e3e799a189b32a05263d99d9f6e/auto-value-annotations-1.7.jar,file:/C:/Users/natal/.gradle/caches/modules-2/files-2.1/io.grpc/grpc-alts/1.30.0/8d6229ee0da24e3e799a189b32a05263d99d9f6e/failureaccess-1.0.1.jar,file:/C:/Users/natal/.gradle/caches/modules-2/files-2.1/io.grpc/grpc-alts/1.30.0/8d6229ee0da24e3e799a189b32a05263d99d9f6e/listenablefuture-9999.0-empty-to-avoid-conflict-with-guava.jar,file:/C:/Users/natal/.gradle/caches/modules-2/files-2.1/io.grpc/grpc-alts/1.30.0/8d6229ee0da24e3e799a189b32a05263d99d9f6e/checker-compat-qual-2.5.5.jar,file:/C:/Users/natal/.gradle/caches/modules-2/files-2.1/io.grpc/grpc-alts/1.30.0/8d6229ee0da24e3e799a189b32a05263d99d9f6e/j2objc-annotations-1.3.jar,file:/C:/Users/natal/.gradle/caches/modules-2/files-2.1/io.grpc/grpc-alts/1.30.0/8d6229ee0da24e3e799a189b32a05263d99d9f6e/grpc-context-1.30.0.jar,file:/C:/Users/natal/.gradle/caches/modules-2/files-2.1/io.grpc/grpc-alts/1.30.0/8d6229ee0da24e3e799a189b32a05263d99d9f6e/gson-2.8.6.jar,file:/C:/Users/natal/.gradle/caches/modules-2/files-2.1/io.grpc/grpc-alts/1.30.0/8d6229ee0da24e3e799a189b32a05263d99d9f6e/annotations-4.1.1.4.jar,file:/C:/Users/natal/.gradle/caches/modules-2/files-2.1/io.grpc/grpc-alts/1.30.0/8d6229ee0da24e3e799a189b32a05263d99d9f6e/httpclient-4.5.10.jar,file:/C:/Users/natal/.gradle/caches/modules-2/files-2.1/io.grpc/grpc-alts/1.30.0/8d6229ee0da24e3e799a189b32a05263d99d9f6e/httpcore-4.4.12.jar,file:/C:/Users/natal/.gradle/caches/modules-2/files-2.1/io.grpc/grpc-alts/1.30.0/8d6229ee0da24e3e799a189b32a05263d99d9f6e/opencensus-contrib-http-util-0.24.0.jar,file:/C:/Users/natal/.gradle/caches/modules-2/files-2.1/io.grpc/grpc-alts/1.30.0/8d6229ee0da24e3e799a189b32a05263d99d9f6e/opencensus-api-0.24.0.jar,file:/C:/Users/natal/.gradle/caches/modules-2/files-2.1/io.grpc/grpc-alts/1.30.0/8d6229ee0da24e3e799a189b32a05263d99d9f6e/jackson-core-2.10.1.jar,file:/C:/Users/natal/.gradle/caches/modules-2/files-2.1/io.grpc/grpc-alts/1.30.0/8d6229ee0da24e3e799a189b32a05263d99d9f6e/commons-logging-1.2.jar,file:/C:/Users/natal/.gradle/caches/modules-2/files-2.1/io.grpc/grpc-alts/1.30.0/8d6229ee0da24e3e799a189b32a05263d99d9f6e/commons-codec-1.11.jar
2023-02-06 22:04:24,681 INFO [restartedMain] org.springframework.boot.logging.DeferredLog: Devtools property defaults active! Set 'spring.devtools.add-properties' to 'false' to disable
2023-02-06 22:04:24,681 INFO [restartedMain] org.springframework.boot.logging.DeferredLog: For additional web related logging consider setting the 'logging.level.web' property to 'DEBUG'
2023-02-06 22:04:26,021 INFO [restartedMain] org.springframework.data.repository.config.RepositoryConfigurationDelegate: Bootstrapping Spring Data JPA repositories in DEFAULT mode.
2023-02-06 22:04:26,485 INFO [restartedMain] org.springframework.data.repository.config.RepositoryConfigurationDelegate: Finished Spring Data repository scanning in 458 ms. Found 37 JPA repository interfaces.
2023-02-06 22:04:28,203 INFO [restartedMain] org.springframework.boot.web.embedded.tomcat.TomcatWebServer: Tomcat initialized with port(s): 8080 (http)
2023-02-06 22:04:28,219 INFO [restartedMain] org.apache.juli.logging.DirectJDKLog: Initializing ProtocolHandler ["http-nio-8080"]
2023-02-06 22:04:28,219 INFO [restartedMain] org.apache.juli.logging.DirectJDKLog: Starting service [Tomcat]
2023-02-06 22:04:28,219 INFO [restartedMain] org.apache.juli.logging.DirectJDKLog: Starting Servlet engine: [Apache Tomcat/9.0.65]
2023-02-06 22:04:28,443 INFO [restartedMain] org.apache.juli.logging.DirectJDKLog: Initializing Spring embedded WebApplicationContext
2023-02-06 22:04:28,443 INFO [restartedMain] org.springframework.boot.web.servlet.context.ServletWebServerApplicationContext: Root WebApplicationContext: initialization completed in 3761 ms
2023-02-06 22:04:28,713 INFO [restartedMain] com.zaxxer.hikari.HikariDataSource: HikariPool-1 - Starting...
2023-02-06 22:04:28,996 INFO [restartedMain] com.zaxxer.hikari.HikariDataSource: HikariPool-1 - Start completed.
2023-02-06 22:04:29,092 INFO [restartedMain] org.hibernate.jpa.internal.util.LogHelper: HHH000204: Processing PersistenceUnitInfo [name: default]
2023-02-06 22:04:29,153 INFO [restartedMain] org.hibernate.Version: HHH000412: Hibernate ORM core version 5.6.10.Final
2023-02-06 22:04:29,360 INFO [restartedMain] org.hibernate.annotations.common.reflection.java.JavaReflectionManager: HCANN000001: Hibernate Commons Annotations {5.1.2.Final}
2023-02-06 22:04:29,536 INFO [restartedMain] org.hibernate.dialect.Dialect: HHH000400: Using dialect: org.hibernate.dialect.PostgreSQLDialect
2023-02-06 22:04:31,579 INFO [restartedMain] org.hibernate.engine.transaction.jta.platform.internal.JtaPlatformInitiator: HHH000490: Using JtaPlatform implementation: [org.hibernate.engine.transaction.jta.platform.internal.NoJtaPlatform]
2023-02-06 22:04:31,594 INFO [restartedMain] org.springframework.orm.jpa.AbstractEntityManagerFactoryBean: Initialized JPA EntityManagerFactory for persistence unit 'default'
2023-02-06 22:04:33,742 WARN [restartedMain] org.springframework.boot.autoconfigure.orm.jpa.JpaBaseConfiguration$JpaWebConfiguration: spring.jpa.open-in-view is enabled by default. Therefore, database queries may be performed during view rendering. Explicitly configure spring.jpa.open-in-view to disable this warning
2023-02-06 22:04:34,280 INFO [restartedMain] org.springframework.security.web.DefaultSecurityFilterChain: Will secure any request with [org.springframework.security.web.session.DisableEncodeUrlFilter@6edc6f2d, org.springframework.security.web.context.request.async.WebAsyncManagerIntegrationFilter@44b0633f, org.springframework.security.web.context.SecurityContextPersistenceFilter@7b7ebdc5, org.springframework.security.web.header.HeaderWriterFilter@5a31ee65, org.springframework.security.web.csrf.CsrfFilter@5ff0bef6, org.springframework.security.web.authentication.logout.LogoutFilter@4423e8b1, org.springframework.security.web.authentication.UsernamePasswordAuthenticationFilter@53a0b432, org.springframework.security.web.savedrequest.RequestCacheAwareFilter@54721b0, org.springframework.security.web.servletapi.SecurityContextHolderAwareRequestFilter@6d21fe34, org.springframework.security.web.authentication.AnonymousAuthenticationFilter@42ef73c7, org.springframework.security.web.session.SessionManagementFilter@5579950b, org.springframework.security.web.access.ExceptionTranslationFilter@76af7628, org.springframework.security.web.access.intercept.FilterSecurityInterceptor@5201ba6f]
2023-02-06 22:04:34,547 INFO [restartedMain] org.springframework.boot.autoconfigure.web.servlet.WelcomePageHandlerMapping: Adding welcome page template: index
2023-02-06 22:04:35,826 INFO [restartedMain] org.springframework.boot.devtools.autoconfigure.OptionalLiveReloadServer: LiveReload server is running on port 35729
2023-02-06 22:04:35,898 INFO [restartedMain] org.apache.juli.logging.DirectJDKLog: Starting ProtocolHandler ["http-nio-8080"]
2023-02-06 22:04:35,975 INFO [restartedMain] org.springframework.boot.web.embedded.tomcat.TomcatWebServer: Tomcat started on port(s): 8080 (http) with context path ''
2023-02-06 22:04:36,002 INFO [restartedMain] org.springframework.boot.StartupInfoLogger: Started SioduqApplication in 12.063 seconds (JVM running for 13.784)
2023-02-06 22:04:42,159 INFO [http-nio-8080-exec-1] org.apache.juli.logging.DirectJDKLog: Initializing Spring DispatcherServlet 'dispatcherServlet'
2023-02-06 22:04:42,176 INFO [http-nio-8080-exec-1] org.springframework.web.servlet.FrameworkServlet: Initializing Servlet 'dispatcherServlet'
2023-02-06 22:04:42,181 INFO [http-nio-8080-exec-1] org.springframework.web.servlet.FrameworkServlet: Completed initialization in 5 ms
2023-02-06 22:04:42,993 WARN [http-nio-8080-exec-1] org.apache.juli.logging.DirectJDKLog: Creation of SecureRandom instance for session ID generation using [SHA1PRNG] took [694] milliseconds.
2023-02-06 22:04:51,775 DEBUG [http-nio-8080-exec-10] org.hibernate.engine.jdbc.spi.SqlStatementLogger: 
    select
        sesion0_.id_sesion as id_sesio1_22_,
        sesion0_.password as password2_22_,
        sesion0_.persona as persona4_22_,
        sesion0_.rol as rol5_22_,
        sesion0_.username as username3_22_ 
    from
        sesion sesion0_ 
    where
        sesion0_.username=?
2023-02-06 22:04:51,787 TRACE [http-nio-8080-exec-10] org.hibernate.type.descriptor.sql.BasicBinder: binding parameter [1] as [VARCHAR] - [admin]
2023-02-06 22:04:51,827 WARN [http-nio-8080-exec-10] org.hibernate.engine.jdbc.spi.SqlExceptionHelper: SQL Error: 0, SQLState: 42P01
2023-02-06 22:04:51,835 ERROR [http-nio-8080-exec-10] org.hibernate.engine.jdbc.spi.SqlExceptionHelper: ERROR: no existe la relación «sesion»
  Position: 181
2023-02-06 22:04:51,860 ERROR [http-nio-8080-exec-10] org.springframework.security.web.authentication.AbstractAuthenticationProcessingFilter: An internal error occurred while trying to authenticate the user.
org.springframework.security.authentication.InternalAuthenticationServiceException: could not extract ResultSet; SQL [n/a]; nested exception is org.hibernate.exception.SQLGrammarException: could not extract ResultSet
	at org.springframework.security.authentication.dao.DaoAuthenticationProvider.retrieveUser(DaoAuthenticationProvider.java:108)
	at org.springframework.security.authentication.dao.AbstractUserDetailsAuthenticationProvider.authenticate(AbstractUserDetailsAuthenticationProvider.java:133)
	at org.springframework.security.authentication.ProviderManager.authenticate(ProviderManager.java:182)
	at org.springframework.security.authentication.ProviderManager.authenticate(ProviderManager.java:201)
	at org.springframework.security.web.authentication.UsernamePasswordAuthenticationFilter.attemptAuthentication(UsernamePasswordAuthenticationFilter.java:85)
	at org.springframework.security.web.authentication.AbstractAuthenticationProcessingFilter.doFilter(AbstractAuthenticationProcessingFilter.java:227)
	at org.springframework.security.web.authentication.AbstractAuthenticationProcessingFilter.doFilter(AbstractAuthenticationProcessingFilter.java:217)
	at org.springframework.security.web.FilterChainProxy$VirtualFilterChain.doFilter(FilterChainProxy.java:346)
	at org.springframework.security.web.authentication.logout.LogoutFilter.doFilter(LogoutFilter.java:103)
	at org.springframework.security.web.authentication.logout.LogoutFilter.doFilter(LogoutFilter.java:89)
	at org.springframework.security.web.FilterChainProxy$VirtualFilterChain.doFilter(FilterChainProxy.java:346)
	at org.springframework.security.web.csrf.CsrfFilter.doFilterInternal(CsrfFilter.java:132)
	at org.springframework.web.filter.OncePerRequestFilter.doFilter(OncePerRequestFilter.java:117)
	at org.springframework.security.web.FilterChainProxy$VirtualFilterChain.doFilter(FilterChainProxy.java:346)
	at org.springframework.security.web.header.HeaderWriterFilter.doHeadersAfter(HeaderWriterFilter.java:90)
	at org.springframework.security.web.header.HeaderWriterFilter.doFilterInternal(HeaderWriterFilter.java:75)
	at org.springframework.web.filter.OncePerRequestFilter.doFilter(OncePerRequestFilter.java:117)
	at org.springframework.security.web.FilterChainProxy$VirtualFilterChain.doFilter(FilterChainProxy.java:346)
	at org.springframework.security.web.context.SecurityContextPersistenceFilter.doFilter(SecurityContextPersistenceFilter.java:112)
	at org.springframework.security.web.context.SecurityContextPersistenceFilter.doFilter(SecurityContextPersistenceFilter.java:82)
	at org.springframework.security.web.FilterChainProxy$VirtualFilterChain.doFilter(FilterChainProxy.java:346)
	at org.springframework.security.web.context.request.async.WebAsyncManagerIntegrationFilter.doFilterInternal(WebAsyncManagerIntegrationFilter.java:55)
	at org.springframework.web.filter.OncePerRequestFilter.doFilter(OncePerRequestFilter.java:117)
	at org.springframework.security.web.FilterChainProxy$VirtualFilterChain.doFilter(FilterChainProxy.java:346)
	at org.springframework.security.web.session.DisableEncodeUrlFilter.doFilterInternal(DisableEncodeUrlFilter.java:42)
	at org.springframework.web.filter.OncePerRequestFilter.doFilter(OncePerRequestFilter.java:117)
	at org.springframework.security.web.FilterChainProxy$VirtualFilterChain.doFilter(FilterChainProxy.java:346)
	at org.springframework.security.web.FilterChainProxy.doFilterInternal(FilterChainProxy.java:221)
	at org.springframework.security.web.FilterChainProxy.doFilter(FilterChainProxy.java:186)
	at org.springframework.web.filter.DelegatingFilterProxy.invokeDelegate(DelegatingFilterProxy.java:354)
	at org.springframework.web.filter.DelegatingFilterProxy.doFilter(DelegatingFilterProxy.java:267)
	at org.apache.catalina.core.ApplicationFilterChain.internalDoFilter(ApplicationFilterChain.java:189)
	at org.apache.catalina.core.ApplicationFilterChain.doFilter(ApplicationFilterChain.java:162)
	at org.springframework.web.filter.RequestContextFilter.doFilterInternal(RequestContextFilter.java:100)
	at org.springframework.web.filter.OncePerRequestFilter.doFilter(OncePerRequestFilter.java:117)
	at org.apache.catalina.core.ApplicationFilterChain.internalDoFilter(ApplicationFilterChain.java:189)
	at org.apache.catalina.core.ApplicationFilterChain.doFilter(ApplicationFilterChain.java:162)
	at org.springframework.web.filter.FormContentFilter.doFilterInternal(FormContentFilter.java:93)
	at org.springframework.web.filter.OncePerRequestFilter.doFilter(OncePerRequestFilter.java:117)
	at org.apache.catalina.core.ApplicationFilterChain.internalDoFilter(ApplicationFilterChain.java:189)
	at org.apache.catalina.core.ApplicationFilterChain.doFilter(ApplicationFilterChain.java:162)
	at org.springframework.web.filter.CharacterEncodingFilter.doFilterInternal(CharacterEncodingFilter.java:201)
	at org.springframework.web.filter.OncePerRequestFilter.doFilter(OncePerRequestFilter.java:117)
	at org.apache.catalina.core.ApplicationFilterChain.internalDoFilter(ApplicationFilterChain.java:189)
	at org.apache.catalina.core.ApplicationFilterChain.doFilter(ApplicationFilterChain.java:162)
	at org.apache.catalina.core.StandardWrapperValve.invoke(StandardWrapperValve.java:197)
	at org.apache.catalina.core.StandardContextValve.invoke(StandardContextValve.java:97)
	at org.apache.catalina.authenticator.AuthenticatorBase.invoke(AuthenticatorBase.java:541)
	at org.apache.catalina.core.StandardHostValve.invoke(StandardHostValve.java:135)
	at org.apache.catalina.valves.ErrorReportValve.invoke(ErrorReportValve.java:92)
	at org.apache.catalina.core.StandardEngineValve.invoke(StandardEngineValve.java:78)
	at org.apache.catalina.connector.CoyoteAdapter.service(CoyoteAdapter.java:360)
	at org.apache.coyote.http11.Http11Processor.service(Http11Processor.java:399)
	at org.apache.coyote.AbstractProcessorLight.process(AbstractProcessorLight.java:65)
	at org.apache.coyote.AbstractProtocol$ConnectionHandler.process(AbstractProtocol.java:890)
	at org.apache.tomcat.util.net.NioEndpoint$SocketProcessor.doRun(NioEndpoint.java:1789)
	at org.apache.tomcat.util.net.SocketProcessorBase.run(SocketProcessorBase.java:49)
	at org.apache.tomcat.util.threads.ThreadPoolExecutor.runWorker(ThreadPoolExecutor.java:1191)
	at org.apache.tomcat.util.threads.ThreadPoolExecutor$Worker.run(ThreadPoolExecutor.java:659)
	at org.apache.tomcat.util.threads.TaskThread$WrappingRunnable.run(TaskThread.java:61)
	at java.base/java.lang.Thread.run(Thread.java:834)
Caused by: org.springframework.dao.InvalidDataAccessResourceUsageException: could not extract ResultSet; SQL [n/a]; nested exception is org.hibernate.exception.SQLGrammarException: could not extract ResultSet
	at org.springframework.orm.jpa.vendor.HibernateJpaDialect.convertHibernateAccessException(HibernateJpaDialect.java:259)
	at org.springframework.orm.jpa.vendor.HibernateJpaDialect.translateExceptionIfPossible(HibernateJpaDialect.java:233)
	at org.springframework.orm.jpa.AbstractEntityManagerFactoryBean.translateExceptionIfPossible(AbstractEntityManagerFactoryBean.java:551)
	at org.springframework.dao.support.ChainedPersistenceExceptionTranslator.translateExceptionIfPossible(ChainedPersistenceExceptionTranslator.java:61)
	at org.springframework.dao.support.DataAccessUtils.translateIfNecessary(DataAccessUtils.java:242)
	at org.springframework.dao.support.PersistenceExceptionTranslationInterceptor.invoke(PersistenceExceptionTranslationInterceptor.java:152)
	at org.springframework.aop.framework.ReflectiveMethodInvocation.proceed(ReflectiveMethodInvocation.java:186)
	at org.springframework.data.jpa.repository.support.CrudMethodMetadataPostProcessor$CrudMethodMetadataPopulatingMethodInterceptor.invoke(CrudMethodMetadataPostProcessor.java:145)
	at org.springframework.aop.framework.ReflectiveMethodInvocation.proceed(ReflectiveMethodInvocation.java:186)
	at org.springframework.aop.interceptor.ExposeInvocationInterceptor.invoke(ExposeInvocationInterceptor.java:97)
	at org.springframework.aop.framework.ReflectiveMethodInvocation.proceed(ReflectiveMethodInvocation.java:186)
	at org.springframework.aop.framework.JdkDynamicAopProxy.invoke(JdkDynamicAopProxy.java:215)
	at com.sun.proxy.$Proxy144.findByUsername(Unknown Source)
	at com.uniquindio.trabajogrado.SIODUQ.servicios.UsuarioService.loadUserByUsername(UsuarioService.java:27)
	at com.uniquindio.trabajogrado.SIODUQ.servicios.UsuarioService$$FastClassBySpringCGLIB$$44a2741b.invoke(<generated>)
	at org.springframework.cglib.proxy.MethodProxy.invoke(MethodProxy.java:218)
	at org.springframework.aop.framework.CglibAopProxy$CglibMethodInvocation.invokeJoinpoint(CglibAopProxy.java:793)
	at org.springframework.aop.framework.ReflectiveMethodInvocation.proceed(ReflectiveMethodInvocation.java:163)
	at org.springframework.aop.framework.CglibAopProxy$CglibMethodInvocation.proceed(CglibAopProxy.java:763)
	at org.springframework.transaction.interceptor.TransactionInterceptor$1.proceedWithInvocation(TransactionInterceptor.java:123)
	at org.springframework.transaction.interceptor.TransactionAspectSupport.invokeWithinTransaction(TransactionAspectSupport.java:388)
	at org.springframework.transaction.interceptor.TransactionInterceptor.invoke(TransactionInterceptor.java:119)
	at org.springframework.aop.framework.ReflectiveMethodInvocation.proceed(ReflectiveMethodInvocation.java:186)
	at org.springframework.aop.framework.CglibAopProxy$CglibMethodInvocation.proceed(CglibAopProxy.java:763)
	at org.springframework.aop.framework.CglibAopProxy$DynamicAdvisedInterceptor.intercept(CglibAopProxy.java:708)
	at com.uniquindio.trabajogrado.SIODUQ.servicios.UsuarioService$$EnhancerBySpringCGLIB$$76209b6c.loadUserByUsername(<generated>)
	at org.springframework.security.authentication.dao.DaoAuthenticationProvider.retrieveUser(DaoAuthenticationProvider.java:93)
	... 60 common frames omitted
Caused by: org.hibernate.exception.SQLGrammarException: could not extract ResultSet
	at org.hibernate.exception.internal.SQLStateConversionDelegate.convert(SQLStateConversionDelegate.java:103)
	at org.hibernate.exception.internal.StandardSQLExceptionConverter.convert(StandardSQLExceptionConverter.java:37)
	at org.hibernate.engine.jdbc.spi.SqlExceptionHelper.convert(SqlExceptionHelper.java:113)
	at org.hibernate.engine.jdbc.spi.SqlExceptionHelper.convert(SqlExceptionHelper.java:99)
	at org.hibernate.engine.jdbc.internal.ResultSetReturnImpl.extract(ResultSetReturnImpl.java:67)
	at org.hibernate.loader.Loader.getResultSet(Loader.java:2322)
	at org.hibernate.loader.Loader.executeQueryStatement(Loader.java:2075)
	at org.hibernate.loader.Loader.executeQueryStatement(Loader.java:2037)
	at org.hibernate.loader.Loader.doQuery(Loader.java:956)
	at org.hibernate.loader.Loader.doQueryAndInitializeNonLazyCollections(Loader.java:357)
	at org.hibernate.loader.Loader.doList(Loader.java:2868)
	at org.hibernate.loader.Loader.doList(Loader.java:2850)
	at org.hibernate.loader.Loader.listIgnoreQueryCache(Loader.java:2682)
	at org.hibernate.loader.Loader.list(Loader.java:2677)
	at org.hibernate.loader.hql.QueryLoader.list(QueryLoader.java:540)
	at org.hibernate.hql.internal.ast.QueryTranslatorImpl.list(QueryTranslatorImpl.java:400)
	at org.hibernate.engine.query.spi.HQLQueryPlan.performList(HQLQueryPlan.java:219)
	at org.hibernate.internal.SessionImpl.list(SessionImpl.java:1459)
	at org.hibernate.query.internal.AbstractProducedQuery.doList(AbstractProducedQuery.java:1649)
	at org.hibernate.query.internal.AbstractProducedQuery.list(AbstractProducedQuery.java:1617)
	at org.hibernate.query.internal.AbstractProducedQuery.getSingleResult(AbstractProducedQuery.java:1665)
	at org.hibernate.query.criteria.internal.compile.CriteriaQueryTypeQueryAdapter.getSingleResult(CriteriaQueryTypeQueryAdapter.java:111)
	at org.springframework.data.jpa.repository.query.JpaQueryExecution$SingleEntityExecution.doExecute(JpaQueryExecution.java:198)
	at org.springframework.data.jpa.repository.query.JpaQueryExecution.execute(JpaQueryExecution.java:90)
	at org.springframework.data.jpa.repository.query.AbstractJpaQuery.doExecute(AbstractJpaQuery.java:156)
	at org.springframework.data.jpa.repository.query.AbstractJpaQuery.execute(AbstractJpaQuery.java:144)
	at org.springframework.data.repository.core.support.RepositoryMethodInvoker.doInvoke(RepositoryMethodInvoker.java:137)
	at org.springframework.data.repository.core.support.RepositoryMethodInvoker.invoke(RepositoryMethodInvoker.java:121)
	at org.springframework.data.repository.core.support.QueryExecutorMethodInterceptor.doInvoke(QueryExecutorMethodInterceptor.java:160)
	at org.springframework.data.repository.core.support.QueryExecutorMethodInterceptor.invoke(QueryExecutorMethodInterceptor.java:139)
	at org.springframework.aop.framework.ReflectiveMethodInvocation.proceed(ReflectiveMethodInvocation.java:186)
	at org.springframework.data.projection.DefaultMethodInvokingMethodInterceptor.invoke(DefaultMethodInvokingMethodInterceptor.java:81)
	at org.springframework.aop.framework.ReflectiveMethodInvocation.proceed(ReflectiveMethodInvocation.java:186)
	at org.springframework.transaction.interceptor.TransactionInterceptor$1.proceedWithInvocation(TransactionInterceptor.java:123)
	at org.springframework.transaction.interceptor.TransactionAspectSupport.invokeWithinTransaction(TransactionAspectSupport.java:388)
	at org.springframework.transaction.interceptor.TransactionInterceptor.invoke(TransactionInterceptor.java:119)
	at org.springframework.aop.framework.ReflectiveMethodInvocation.proceed(ReflectiveMethodInvocation.java:186)
	at org.springframework.dao.support.PersistenceExceptionTranslationInterceptor.invoke(PersistenceExceptionTranslationInterceptor.java:137)
	... 81 common frames omitted
Caused by: org.postgresql.util.PSQLException: ERROR: no existe la relación «sesion»
  Position: 181
	at org.postgresql.core.v3.QueryExecutorImpl.receiveErrorResponse(QueryExecutorImpl.java:2675)
	at org.postgresql.core.v3.QueryExecutorImpl.processResults(QueryExecutorImpl.java:2365)
	at org.postgresql.core.v3.QueryExecutorImpl.execute(QueryExecutorImpl.java:355)
	at org.postgresql.jdbc.PgStatement.executeInternal(PgStatement.java:490)
	at org.postgresql.jdbc.PgStatement.execute(PgStatement.java:408)
	at org.postgresql.jdbc.PgPreparedStatement.executeWithFlags(PgPreparedStatement.java:167)
	at org.postgresql.jdbc.PgPreparedStatement.executeQuery(PgPreparedStatement.java:119)
	at com.zaxxer.hikari.pool.ProxyPreparedStatement.executeQuery(ProxyPreparedStatement.java:52)
	at com.zaxxer.hikari.pool.HikariProxyPreparedStatement.executeQuery(HikariProxyPreparedStatement.java)
	at org.hibernate.engine.jdbc.internal.ResultSetReturnImpl.extract(ResultSetReturnImpl.java:57)
	... 114 common frames omitted
2023-02-06 22:05:02,001 DEBUG [http-nio-8080-exec-8] org.hibernate.engine.jdbc.spi.SqlStatementLogger: 
    select
        sesion0_.id_sesion as id_sesio1_22_,
        sesion0_.password as password2_22_,
        sesion0_.persona as persona4_22_,
        sesion0_.rol as rol5_22_,
        sesion0_.username as username3_22_ 
    from
        sesion sesion0_ 
    where
        sesion0_.username=?
2023-02-06 22:05:02,004 TRACE [http-nio-8080-exec-8] org.hibernate.type.descriptor.sql.BasicBinder: binding parameter [1] as [VARCHAR] - [1094976741]
2023-02-06 22:05:02,005 WARN [http-nio-8080-exec-8] org.hibernate.engine.jdbc.spi.SqlExceptionHelper: SQL Error: 0, SQLState: 42P01
2023-02-06 22:05:02,005 ERROR [http-nio-8080-exec-8] org.hibernate.engine.jdbc.spi.SqlExceptionHelper: ERROR: no existe la relación «sesion»
  Position: 181
2023-02-06 22:05:02,009 ERROR [http-nio-8080-exec-8] org.springframework.security.web.authentication.AbstractAuthenticationProcessingFilter: An internal error occurred while trying to authenticate the user.
org.springframework.security.authentication.InternalAuthenticationServiceException: could not extract ResultSet; SQL [n/a]; nested exception is org.hibernate.exception.SQLGrammarException: could not extract ResultSet
	at org.springframework.security.authentication.dao.DaoAuthenticationProvider.retrieveUser(DaoAuthenticationProvider.java:108)
	at org.springframework.security.authentication.dao.AbstractUserDetailsAuthenticationProvider.authenticate(AbstractUserDetailsAuthenticationProvider.java:133)
	at org.springframework.security.authentication.ProviderManager.authenticate(ProviderManager.java:182)
	at org.springframework.security.authentication.ProviderManager.authenticate(ProviderManager.java:201)
	at org.springframework.security.web.authentication.UsernamePasswordAuthenticationFilter.attemptAuthentication(UsernamePasswordAuthenticationFilter.java:85)
	at org.springframework.security.web.authentication.AbstractAuthenticationProcessingFilter.doFilter(AbstractAuthenticationProcessingFilter.java:227)
	at org.springframework.security.web.authentication.AbstractAuthenticationProcessingFilter.doFilter(AbstractAuthenticationProcessingFilter.java:217)
	at org.springframework.security.web.FilterChainProxy$VirtualFilterChain.doFilter(FilterChainProxy.java:346)
	at org.springframework.security.web.authentication.logout.LogoutFilter.doFilter(LogoutFilter.java:103)
	at org.springframework.security.web.authentication.logout.LogoutFilter.doFilter(LogoutFilter.java:89)
	at org.springframework.security.web.FilterChainProxy$VirtualFilterChain.doFilter(FilterChainProxy.java:346)
	at org.springframework.security.web.csrf.CsrfFilter.doFilterInternal(CsrfFilter.java:132)
	at org.springframework.web.filter.OncePerRequestFilter.doFilter(OncePerRequestFilter.java:117)
	at org.springframework.security.web.FilterChainProxy$VirtualFilterChain.doFilter(FilterChainProxy.java:346)
	at org.springframework.security.web.header.HeaderWriterFilter.doHeadersAfter(HeaderWriterFilter.java:90)
	at org.springframework.security.web.header.HeaderWriterFilter.doFilterInternal(HeaderWriterFilter.java:75)
	at org.springframework.web.filter.OncePerRequestFilter.doFilter(OncePerRequestFilter.java:117)
	at org.springframework.security.web.FilterChainProxy$VirtualFilterChain.doFilter(FilterChainProxy.java:346)
	at org.springframework.security.web.context.SecurityContextPersistenceFilter.doFilter(SecurityContextPersistenceFilter.java:112)
	at org.springframework.security.web.context.SecurityContextPersistenceFilter.doFilter(SecurityContextPersistenceFilter.java:82)
	at org.springframework.security.web.FilterChainProxy$VirtualFilterChain.doFilter(FilterChainProxy.java:346)
	at org.springframework.security.web.context.request.async.WebAsyncManagerIntegrationFilter.doFilterInternal(WebAsyncManagerIntegrationFilter.java:55)
	at org.springframework.web.filter.OncePerRequestFilter.doFilter(OncePerRequestFilter.java:117)
	at org.springframework.security.web.FilterChainProxy$VirtualFilterChain.doFilter(FilterChainProxy.java:346)
	at org.springframework.security.web.session.DisableEncodeUrlFilter.doFilterInternal(DisableEncodeUrlFilter.java:42)
	at org.springframework.web.filter.OncePerRequestFilter.doFilter(OncePerRequestFilter.java:117)
	at org.springframework.security.web.FilterChainProxy$VirtualFilterChain.doFilter(FilterChainProxy.java:346)
	at org.springframework.security.web.FilterChainProxy.doFilterInternal(FilterChainProxy.java:221)
	at org.springframework.security.web.FilterChainProxy.doFilter(FilterChainProxy.java:186)
	at org.springframework.web.filter.DelegatingFilterProxy.invokeDelegate(DelegatingFilterProxy.java:354)
	at org.springframework.web.filter.DelegatingFilterProxy.doFilter(DelegatingFilterProxy.java:267)
	at org.apache.catalina.core.ApplicationFilterChain.internalDoFilter(ApplicationFilterChain.java:189)
	at org.apache.catalina.core.ApplicationFilterChain.doFilter(ApplicationFilterChain.java:162)
	at org.springframework.web.filter.RequestContextFilter.doFilterInternal(RequestContextFilter.java:100)
	at org.springframework.web.filter.OncePerRequestFilter.doFilter(OncePerRequestFilter.java:117)
	at org.apache.catalina.core.ApplicationFilterChain.internalDoFilter(ApplicationFilterChain.java:189)
	at org.apache.catalina.core.ApplicationFilterChain.doFilter(ApplicationFilterChain.java:162)
	at org.springframework.web.filter.FormContentFilter.doFilterInternal(FormContentFilter.java:93)
	at org.springframework.web.filter.OncePerRequestFilter.doFilter(OncePerRequestFilter.java:117)
	at org.apache.catalina.core.ApplicationFilterChain.internalDoFilter(ApplicationFilterChain.java:189)
	at org.apache.catalina.core.ApplicationFilterChain.doFilter(ApplicationFilterChain.java:162)
	at org.springframework.web.filter.CharacterEncodingFilter.doFilterInternal(CharacterEncodingFilter.java:201)
	at org.springframework.web.filter.OncePerRequestFilter.doFilter(OncePerRequestFilter.java:117)
	at org.apache.catalina.core.ApplicationFilterChain.internalDoFilter(ApplicationFilterChain.java:189)
	at org.apache.catalina.core.ApplicationFilterChain.doFilter(ApplicationFilterChain.java:162)
	at org.apache.catalina.core.StandardWrapperValve.invoke(StandardWrapperValve.java:197)
	at org.apache.catalina.core.StandardContextValve.invoke(StandardContextValve.java:97)
	at org.apache.catalina.authenticator.AuthenticatorBase.invoke(AuthenticatorBase.java:541)
	at org.apache.catalina.core.StandardHostValve.invoke(StandardHostValve.java:135)
	at org.apache.catalina.valves.ErrorReportValve.invoke(ErrorReportValve.java:92)
	at org.apache.catalina.core.StandardEngineValve.invoke(StandardEngineValve.java:78)
	at org.apache.catalina.connector.CoyoteAdapter.service(CoyoteAdapter.java:360)
	at org.apache.coyote.http11.Http11Processor.service(Http11Processor.java:399)
	at org.apache.coyote.AbstractProcessorLight.process(AbstractProcessorLight.java:65)
	at org.apache.coyote.AbstractProtocol$ConnectionHandler.process(AbstractProtocol.java:890)
	at org.apache.tomcat.util.net.NioEndpoint$SocketProcessor.doRun(NioEndpoint.java:1789)
	at org.apache.tomcat.util.net.SocketProcessorBase.run(SocketProcessorBase.java:49)
	at org.apache.tomcat.util.threads.ThreadPoolExecutor.runWorker(ThreadPoolExecutor.java:1191)
	at org.apache.tomcat.util.threads.ThreadPoolExecutor$Worker.run(ThreadPoolExecutor.java:659)
	at org.apache.tomcat.util.threads.TaskThread$WrappingRunnable.run(TaskThread.java:61)
	at java.base/java.lang.Thread.run(Thread.java:834)
Caused by: org.springframework.dao.InvalidDataAccessResourceUsageException: could not extract ResultSet; SQL [n/a]; nested exception is org.hibernate.exception.SQLGrammarException: could not extract ResultSet
	at org.springframework.orm.jpa.vendor.HibernateJpaDialect.convertHibernateAccessException(HibernateJpaDialect.java:259)
	at org.springframework.orm.jpa.vendor.HibernateJpaDialect.translateExceptionIfPossible(HibernateJpaDialect.java:233)
	at org.springframework.orm.jpa.AbstractEntityManagerFactoryBean.translateExceptionIfPossible(AbstractEntityManagerFactoryBean.java:551)
	at org.springframework.dao.support.ChainedPersistenceExceptionTranslator.translateExceptionIfPossible(ChainedPersistenceExceptionTranslator.java:61)
	at org.springframework.dao.support.DataAccessUtils.translateIfNecessary(DataAccessUtils.java:242)
	at org.springframework.dao.support.PersistenceExceptionTranslationInterceptor.invoke(PersistenceExceptionTranslationInterceptor.java:152)
	at org.springframework.aop.framework.ReflectiveMethodInvocation.proceed(ReflectiveMethodInvocation.java:186)
	at org.springframework.data.jpa.repository.support.CrudMethodMetadataPostProcessor$CrudMethodMetadataPopulatingMethodInterceptor.invoke(CrudMethodMetadataPostProcessor.java:145)
	at org.springframework.aop.framework.ReflectiveMethodInvocation.proceed(ReflectiveMethodInvocation.java:186)
	at org.springframework.aop.interceptor.ExposeInvocationInterceptor.invoke(ExposeInvocationInterceptor.java:97)
	at org.springframework.aop.framework.ReflectiveMethodInvocation.proceed(ReflectiveMethodInvocation.java:186)
	at org.springframework.aop.framework.JdkDynamicAopProxy.invoke(JdkDynamicAopProxy.java:215)
	at com.sun.proxy.$Proxy144.findByUsername(Unknown Source)
	at com.uniquindio.trabajogrado.SIODUQ.servicios.UsuarioService.loadUserByUsername(UsuarioService.java:27)
	at com.uniquindio.trabajogrado.SIODUQ.servicios.UsuarioService$$FastClassBySpringCGLIB$$44a2741b.invoke(<generated>)
	at org.springframework.cglib.proxy.MethodProxy.invoke(MethodProxy.java:218)
	at org.springframework.aop.framework.CglibAopProxy$CglibMethodInvocation.invokeJoinpoint(CglibAopProxy.java:793)
	at org.springframework.aop.framework.ReflectiveMethodInvocation.proceed(ReflectiveMethodInvocation.java:163)
	at org.springframework.aop.framework.CglibAopProxy$CglibMethodInvocation.proceed(CglibAopProxy.java:763)
	at org.springframework.transaction.interceptor.TransactionInterceptor$1.proceedWithInvocation(TransactionInterceptor.java:123)
	at org.springframework.transaction.interceptor.TransactionAspectSupport.invokeWithinTransaction(TransactionAspectSupport.java:388)
	at org.springframework.transaction.interceptor.TransactionInterceptor.invoke(TransactionInterceptor.java:119)
	at org.springframework.aop.framework.ReflectiveMethodInvocation.proceed(ReflectiveMethodInvocation.java:186)
	at org.springframework.aop.framework.CglibAopProxy$CglibMethodInvocation.proceed(CglibAopProxy.java:763)
	at org.springframework.aop.framework.CglibAopProxy$DynamicAdvisedInterceptor.intercept(CglibAopProxy.java:708)
	at com.uniquindio.trabajogrado.SIODUQ.servicios.UsuarioService$$EnhancerBySpringCGLIB$$76209b6c.loadUserByUsername(<generated>)
	at org.springframework.security.authentication.dao.DaoAuthenticationProvider.retrieveUser(DaoAuthenticationProvider.java:93)
	... 60 common frames omitted
Caused by: org.hibernate.exception.SQLGrammarException: could not extract ResultSet
	at org.hibernate.exception.internal.SQLStateConversionDelegate.convert(SQLStateConversionDelegate.java:103)
	at org.hibernate.exception.internal.StandardSQLExceptionConverter.convert(StandardSQLExceptionConverter.java:37)
	at org.hibernate.engine.jdbc.spi.SqlExceptionHelper.convert(SqlExceptionHelper.java:113)
	at org.hibernate.engine.jdbc.spi.SqlExceptionHelper.convert(SqlExceptionHelper.java:99)
	at org.hibernate.engine.jdbc.internal.ResultSetReturnImpl.extract(ResultSetReturnImpl.java:67)
	at org.hibernate.loader.Loader.getResultSet(Loader.java:2322)
	at org.hibernate.loader.Loader.executeQueryStatement(Loader.java:2075)
	at org.hibernate.loader.Loader.executeQueryStatement(Loader.java:2037)
	at org.hibernate.loader.Loader.doQuery(Loader.java:956)
	at org.hibernate.loader.Loader.doQueryAndInitializeNonLazyCollections(Loader.java:357)
	at org.hibernate.loader.Loader.doList(Loader.java:2868)
	at org.hibernate.loader.Loader.doList(Loader.java:2850)
	at org.hibernate.loader.Loader.listIgnoreQueryCache(Loader.java:2682)
	at org.hibernate.loader.Loader.list(Loader.java:2677)
	at org.hibernate.loader.hql.QueryLoader.list(QueryLoader.java:540)
	at org.hibernate.hql.internal.ast.QueryTranslatorImpl.list(QueryTranslatorImpl.java:400)
	at org.hibernate.engine.query.spi.HQLQueryPlan.performList(HQLQueryPlan.java:219)
	at org.hibernate.internal.SessionImpl.list(SessionImpl.java:1459)
	at org.hibernate.query.internal.AbstractProducedQuery.doList(AbstractProducedQuery.java:1649)
	at org.hibernate.query.internal.AbstractProducedQuery.list(AbstractProducedQuery.java:1617)
	at org.hibernate.query.internal.AbstractProducedQuery.getSingleResult(AbstractProducedQuery.java:1665)
	at org.hibernate.query.criteria.internal.compile.CriteriaQueryTypeQueryAdapter.getSingleResult(CriteriaQueryTypeQueryAdapter.java:111)
	at org.springframework.data.jpa.repository.query.JpaQueryExecution$SingleEntityExecution.doExecute(JpaQueryExecution.java:198)
	at org.springframework.data.jpa.repository.query.JpaQueryExecution.execute(JpaQueryExecution.java:90)
	at org.springframework.data.jpa.repository.query.AbstractJpaQuery.doExecute(AbstractJpaQuery.java:156)
	at org.springframework.data.jpa.repository.query.AbstractJpaQuery.execute(AbstractJpaQuery.java:144)
	at org.springframework.data.repository.core.support.RepositoryMethodInvoker.doInvoke(RepositoryMethodInvoker.java:137)
	at org.springframework.data.repository.core.support.RepositoryMethodInvoker.invoke(RepositoryMethodInvoker.java:121)
	at org.springframework.data.repository.core.support.QueryExecutorMethodInterceptor.doInvoke(QueryExecutorMethodInterceptor.java:160)
	at org.springframework.data.repository.core.support.QueryExecutorMethodInterceptor.invoke(QueryExecutorMethodInterceptor.java:139)
	at org.springframework.aop.framework.ReflectiveMethodInvocation.proceed(ReflectiveMethodInvocation.java:186)
	at org.springframework.data.projection.DefaultMethodInvokingMethodInterceptor.invoke(DefaultMethodInvokingMethodInterceptor.java:81)
	at org.springframework.aop.framework.ReflectiveMethodInvocation.proceed(ReflectiveMethodInvocation.java:186)
	at org.springframework.transaction.interceptor.TransactionInterceptor$1.proceedWithInvocation(TransactionInterceptor.java:123)
	at org.springframework.transaction.interceptor.TransactionAspectSupport.invokeWithinTransaction(TransactionAspectSupport.java:388)
	at org.springframework.transaction.interceptor.TransactionInterceptor.invoke(TransactionInterceptor.java:119)
	at org.springframework.aop.framework.ReflectiveMethodInvocation.proceed(ReflectiveMethodInvocation.java:186)
	at org.springframework.dao.support.PersistenceExceptionTranslationInterceptor.invoke(PersistenceExceptionTranslationInterceptor.java:137)
	... 81 common frames omitted
Caused by: org.postgresql.util.PSQLException: ERROR: no existe la relación «sesion»
  Position: 181
	at org.postgresql.core.v3.QueryExecutorImpl.receiveErrorResponse(QueryExecutorImpl.java:2675)
	at org.postgresql.core.v3.QueryExecutorImpl.processResults(QueryExecutorImpl.java:2365)
	at org.postgresql.core.v3.QueryExecutorImpl.execute(QueryExecutorImpl.java:355)
	at org.postgresql.jdbc.PgStatement.executeInternal(PgStatement.java:490)
	at org.postgresql.jdbc.PgStatement.execute(PgStatement.java:408)
	at org.postgresql.jdbc.PgPreparedStatement.executeWithFlags(PgPreparedStatement.java:167)
	at org.postgresql.jdbc.PgPreparedStatement.executeQuery(PgPreparedStatement.java:119)
	at com.zaxxer.hikari.pool.ProxyPreparedStatement.executeQuery(ProxyPreparedStatement.java:52)
	at com.zaxxer.hikari.pool.HikariProxyPreparedStatement.executeQuery(HikariProxyPreparedStatement.java)
	at org.hibernate.engine.jdbc.internal.ResultSetReturnImpl.extract(ResultSetReturnImpl.java:57)
	... 114 common frames omitted
2023-02-06 22:05:06,977 DEBUG [http-nio-8080-exec-4] org.hibernate.engine.jdbc.spi.SqlStatementLogger: 
    select
        sesion0_.id_sesion as id_sesio1_22_,
        sesion0_.password as password2_22_,
        sesion0_.persona as persona4_22_,
        sesion0_.rol as rol5_22_,
        sesion0_.username as username3_22_ 
    from
        sesion sesion0_ 
    where
        sesion0_.username=?
2023-02-06 22:05:06,980 TRACE [http-nio-8080-exec-4] org.hibernate.type.descriptor.sql.BasicBinder: binding parameter [1] as [VARCHAR] - [1094976741]
2023-02-06 22:05:06,982 WARN [http-nio-8080-exec-4] org.hibernate.engine.jdbc.spi.SqlExceptionHelper: SQL Error: 0, SQLState: 42P01
2023-02-06 22:05:06,982 ERROR [http-nio-8080-exec-4] org.hibernate.engine.jdbc.spi.SqlExceptionHelper: ERROR: no existe la relación «sesion»
  Position: 181
2023-02-06 22:05:06,984 ERROR [http-nio-8080-exec-4] org.springframework.security.web.authentication.AbstractAuthenticationProcessingFilter: An internal error occurred while trying to authenticate the user.
org.springframework.security.authentication.InternalAuthenticationServiceException: could not extract ResultSet; SQL [n/a]; nested exception is org.hibernate.exception.SQLGrammarException: could not extract ResultSet
	at org.springframework.security.authentication.dao.DaoAuthenticationProvider.retrieveUser(DaoAuthenticationProvider.java:108)
	at org.springframework.security.authentication.dao.AbstractUserDetailsAuthenticationProvider.authenticate(AbstractUserDetailsAuthenticationProvider.java:133)
	at org.springframework.security.authentication.ProviderManager.authenticate(ProviderManager.java:182)
	at org.springframework.security.authentication.ProviderManager.authenticate(ProviderManager.java:201)
	at org.springframework.security.web.authentication.UsernamePasswordAuthenticationFilter.attemptAuthentication(UsernamePasswordAuthenticationFilter.java:85)
	at org.springframework.security.web.authentication.AbstractAuthenticationProcessingFilter.doFilter(AbstractAuthenticationProcessingFilter.java:227)
	at org.springframework.security.web.authentication.AbstractAuthenticationProcessingFilter.doFilter(AbstractAuthenticationProcessingFilter.java:217)
	at org.springframework.security.web.FilterChainProxy$VirtualFilterChain.doFilter(FilterChainProxy.java:346)
	at org.springframework.security.web.authentication.logout.LogoutFilter.doFilter(LogoutFilter.java:103)
	at org.springframework.security.web.authentication.logout.LogoutFilter.doFilter(LogoutFilter.java:89)
	at org.springframework.security.web.FilterChainProxy$VirtualFilterChain.doFilter(FilterChainProxy.java:346)
	at org.springframework.security.web.csrf.CsrfFilter.doFilterInternal(CsrfFilter.java:132)
	at org.springframework.web.filter.OncePerRequestFilter.doFilter(OncePerRequestFilter.java:117)
	at org.springframework.security.web.FilterChainProxy$VirtualFilterChain.doFilter(FilterChainProxy.java:346)
	at org.springframework.security.web.header.HeaderWriterFilter.doHeadersAfter(HeaderWriterFilter.java:90)
	at org.springframework.security.web.header.HeaderWriterFilter.doFilterInternal(HeaderWriterFilter.java:75)
	at org.springframework.web.filter.OncePerRequestFilter.doFilter(OncePerRequestFilter.java:117)
	at org.springframework.security.web.FilterChainProxy$VirtualFilterChain.doFilter(FilterChainProxy.java:346)
	at org.springframework.security.web.context.SecurityContextPersistenceFilter.doFilter(SecurityContextPersistenceFilter.java:112)
	at org.springframework.security.web.context.SecurityContextPersistenceFilter.doFilter(SecurityContextPersistenceFilter.java:82)
	at org.springframework.security.web.FilterChainProxy$VirtualFilterChain.doFilter(FilterChainProxy.java:346)
	at org.springframework.security.web.context.request.async.WebAsyncManagerIntegrationFilter.doFilterInternal(WebAsyncManagerIntegrationFilter.java:55)
	at org.springframework.web.filter.OncePerRequestFilter.doFilter(OncePerRequestFilter.java:117)
	at org.springframework.security.web.FilterChainProxy$VirtualFilterChain.doFilter(FilterChainProxy.java:346)
	at org.springframework.security.web.session.DisableEncodeUrlFilter.doFilterInternal(DisableEncodeUrlFilter.java:42)
	at org.springframework.web.filter.OncePerRequestFilter.doFilter(OncePerRequestFilter.java:117)
	at org.springframework.security.web.FilterChainProxy$VirtualFilterChain.doFilter(FilterChainProxy.java:346)
	at org.springframework.security.web.FilterChainProxy.doFilterInternal(FilterChainProxy.java:221)
	at org.springframework.security.web.FilterChainProxy.doFilter(FilterChainProxy.java:186)
	at org.springframework.web.filter.DelegatingFilterProxy.invokeDelegate(DelegatingFilterProxy.java:354)
	at org.springframework.web.filter.DelegatingFilterProxy.doFilter(DelegatingFilterProxy.java:267)
	at org.apache.catalina.core.ApplicationFilterChain.internalDoFilter(ApplicationFilterChain.java:189)
	at org.apache.catalina.core.ApplicationFilterChain.doFilter(ApplicationFilterChain.java:162)
	at org.springframework.web.filter.RequestContextFilter.doFilterInternal(RequestContextFilter.java:100)
	at org.springframework.web.filter.OncePerRequestFilter.doFilter(OncePerRequestFilter.java:117)
	at org.apache.catalina.core.ApplicationFilterChain.internalDoFilter(ApplicationFilterChain.java:189)
	at org.apache.catalina.core.ApplicationFilterChain.doFilter(ApplicationFilterChain.java:162)
	at org.springframework.web.filter.FormContentFilter.doFilterInternal(FormContentFilter.java:93)
	at org.springframework.web.filter.OncePerRequestFilter.doFilter(OncePerRequestFilter.java:117)
	at org.apache.catalina.core.ApplicationFilterChain.internalDoFilter(ApplicationFilterChain.java:189)
	at org.apache.catalina.core.ApplicationFilterChain.doFilter(ApplicationFilterChain.java:162)
	at org.springframework.web.filter.CharacterEncodingFilter.doFilterInternal(CharacterEncodingFilter.java:201)
	at org.springframework.web.filter.OncePerRequestFilter.doFilter(OncePerRequestFilter.java:117)
	at org.apache.catalina.core.ApplicationFilterChain.internalDoFilter(ApplicationFilterChain.java:189)
	at org.apache.catalina.core.ApplicationFilterChain.doFilter(ApplicationFilterChain.java:162)
	at org.apache.catalina.core.StandardWrapperValve.invoke(StandardWrapperValve.java:197)
	at org.apache.catalina.core.StandardContextValve.invoke(StandardContextValve.java:97)
	at org.apache.catalina.authenticator.AuthenticatorBase.invoke(AuthenticatorBase.java:541)
	at org.apache.catalina.core.StandardHostValve.invoke(StandardHostValve.java:135)
	at org.apache.catalina.valves.ErrorReportValve.invoke(ErrorReportValve.java:92)
	at org.apache.catalina.core.StandardEngineValve.invoke(StandardEngineValve.java:78)
	at org.apache.catalina.connector.CoyoteAdapter.service(CoyoteAdapter.java:360)
	at org.apache.coyote.http11.Http11Processor.service(Http11Processor.java:399)
	at org.apache.coyote.AbstractProcessorLight.process(AbstractProcessorLight.java:65)
	at org.apache.coyote.AbstractProtocol$ConnectionHandler.process(AbstractProtocol.java:890)
	at org.apache.tomcat.util.net.NioEndpoint$SocketProcessor.doRun(NioEndpoint.java:1789)
	at org.apache.tomcat.util.net.SocketProcessorBase.run(SocketProcessorBase.java:49)
	at org.apache.tomcat.util.threads.ThreadPoolExecutor.runWorker(ThreadPoolExecutor.java:1191)
	at org.apache.tomcat.util.threads.ThreadPoolExecutor$Worker.run(ThreadPoolExecutor.java:659)
	at org.apache.tomcat.util.threads.TaskThread$WrappingRunnable.run(TaskThread.java:61)
	at java.base/java.lang.Thread.run(Thread.java:834)
Caused by: org.springframework.dao.InvalidDataAccessResourceUsageException: could not extract ResultSet; SQL [n/a]; nested exception is org.hibernate.exception.SQLGrammarException: could not extract ResultSet
	at org.springframework.orm.jpa.vendor.HibernateJpaDialect.convertHibernateAccessException(HibernateJpaDialect.java:259)
	at org.springframework.orm.jpa.vendor.HibernateJpaDialect.translateExceptionIfPossible(HibernateJpaDialect.java:233)
	at org.springframework.orm.jpa.AbstractEntityManagerFactoryBean.translateExceptionIfPossible(AbstractEntityManagerFactoryBean.java:551)
	at org.springframework.dao.support.ChainedPersistenceExceptionTranslator.translateExceptionIfPossible(ChainedPersistenceExceptionTranslator.java:61)
	at org.springframework.dao.support.DataAccessUtils.translateIfNecessary(DataAccessUtils.java:242)
	at org.springframework.dao.support.PersistenceExceptionTranslationInterceptor.invoke(PersistenceExceptionTranslationInterceptor.java:152)
	at org.springframework.aop.framework.ReflectiveMethodInvocation.proceed(ReflectiveMethodInvocation.java:186)
	at org.springframework.data.jpa.repository.support.CrudMethodMetadataPostProcessor$CrudMethodMetadataPopulatingMethodInterceptor.invoke(CrudMethodMetadataPostProcessor.java:145)
	at org.springframework.aop.framework.ReflectiveMethodInvocation.proceed(ReflectiveMethodInvocation.java:186)
	at org.springframework.aop.interceptor.ExposeInvocationInterceptor.invoke(ExposeInvocationInterceptor.java:97)
	at org.springframework.aop.framework.ReflectiveMethodInvocation.proceed(ReflectiveMethodInvocation.java:186)
	at org.springframework.aop.framework.JdkDynamicAopProxy.invoke(JdkDynamicAopProxy.java:215)
	at com.sun.proxy.$Proxy144.findByUsername(Unknown Source)
	at com.uniquindio.trabajogrado.SIODUQ.servicios.UsuarioService.loadUserByUsername(UsuarioService.java:27)
	at com.uniquindio.trabajogrado.SIODUQ.servicios.UsuarioService$$FastClassBySpringCGLIB$$44a2741b.invoke(<generated>)
	at org.springframework.cglib.proxy.MethodProxy.invoke(MethodProxy.java:218)
	at org.springframework.aop.framework.CglibAopProxy$CglibMethodInvocation.invokeJoinpoint(CglibAopProxy.java:793)
	at org.springframework.aop.framework.ReflectiveMethodInvocation.proceed(ReflectiveMethodInvocation.java:163)
	at org.springframework.aop.framework.CglibAopProxy$CglibMethodInvocation.proceed(CglibAopProxy.java:763)
	at org.springframework.transaction.interceptor.TransactionInterceptor$1.proceedWithInvocation(TransactionInterceptor.java:123)
	at org.springframework.transaction.interceptor.TransactionAspectSupport.invokeWithinTransaction(TransactionAspectSupport.java:388)
	at org.springframework.transaction.interceptor.TransactionInterceptor.invoke(TransactionInterceptor.java:119)
	at org.springframework.aop.framework.ReflectiveMethodInvocation.proceed(ReflectiveMethodInvocation.java:186)
	at org.springframework.aop.framework.CglibAopProxy$CglibMethodInvocation.proceed(CglibAopProxy.java:763)
	at org.springframework.aop.framework.CglibAopProxy$DynamicAdvisedInterceptor.intercept(CglibAopProxy.java:708)
	at com.uniquindio.trabajogrado.SIODUQ.servicios.UsuarioService$$EnhancerBySpringCGLIB$$76209b6c.loadUserByUsername(<generated>)
	at org.springframework.security.authentication.dao.DaoAuthenticationProvider.retrieveUser(DaoAuthenticationProvider.java:93)
	... 60 common frames omitted
Caused by: org.hibernate.exception.SQLGrammarException: could not extract ResultSet
	at org.hibernate.exception.internal.SQLStateConversionDelegate.convert(SQLStateConversionDelegate.java:103)
	at org.hibernate.exception.internal.StandardSQLExceptionConverter.convert(StandardSQLExceptionConverter.java:37)
	at org.hibernate.engine.jdbc.spi.SqlExceptionHelper.convert(SqlExceptionHelper.java:113)
	at org.hibernate.engine.jdbc.spi.SqlExceptionHelper.convert(SqlExceptionHelper.java:99)
	at org.hibernate.engine.jdbc.internal.ResultSetReturnImpl.extract(ResultSetReturnImpl.java:67)
	at org.hibernate.loader.Loader.getResultSet(Loader.java:2322)
	at org.hibernate.loader.Loader.executeQueryStatement(Loader.java:2075)
	at org.hibernate.loader.Loader.executeQueryStatement(Loader.java:2037)
	at org.hibernate.loader.Loader.doQuery(Loader.java:956)
	at org.hibernate.loader.Loader.doQueryAndInitializeNonLazyCollections(Loader.java:357)
	at org.hibernate.loader.Loader.doList(Loader.java:2868)
	at org.hibernate.loader.Loader.doList(Loader.java:2850)
	at org.hibernate.loader.Loader.listIgnoreQueryCache(Loader.java:2682)
	at org.hibernate.loader.Loader.list(Loader.java:2677)
	at org.hibernate.loader.hql.QueryLoader.list(QueryLoader.java:540)
	at org.hibernate.hql.internal.ast.QueryTranslatorImpl.list(QueryTranslatorImpl.java:400)
	at org.hibernate.engine.query.spi.HQLQueryPlan.performList(HQLQueryPlan.java:219)
	at org.hibernate.internal.SessionImpl.list(SessionImpl.java:1459)
	at org.hibernate.query.internal.AbstractProducedQuery.doList(AbstractProducedQuery.java:1649)
	at org.hibernate.query.internal.AbstractProducedQuery.list(AbstractProducedQuery.java:1617)
	at org.hibernate.query.internal.AbstractProducedQuery.getSingleResult(AbstractProducedQuery.java:1665)
	at org.hibernate.query.criteria.internal.compile.CriteriaQueryTypeQueryAdapter.getSingleResult(CriteriaQueryTypeQueryAdapter.java:111)
	at org.springframework.data.jpa.repository.query.JpaQueryExecution$SingleEntityExecution.doExecute(JpaQueryExecution.java:198)
	at org.springframework.data.jpa.repository.query.JpaQueryExecution.execute(JpaQueryExecution.java:90)
	at org.springframework.data.jpa.repository.query.AbstractJpaQuery.doExecute(AbstractJpaQuery.java:156)
	at org.springframework.data.jpa.repository.query.AbstractJpaQuery.execute(AbstractJpaQuery.java:144)
	at org.springframework.data.repository.core.support.RepositoryMethodInvoker.doInvoke(RepositoryMethodInvoker.java:137)
	at org.springframework.data.repository.core.support.RepositoryMethodInvoker.invoke(RepositoryMethodInvoker.java:121)
	at org.springframework.data.repository.core.support.QueryExecutorMethodInterceptor.doInvoke(QueryExecutorMethodInterceptor.java:160)
	at org.springframework.data.repository.core.support.QueryExecutorMethodInterceptor.invoke(QueryExecutorMethodInterceptor.java:139)
	at org.springframework.aop.framework.ReflectiveMethodInvocation.proceed(ReflectiveMethodInvocation.java:186)
	at org.springframework.data.projection.DefaultMethodInvokingMethodInterceptor.invoke(DefaultMethodInvokingMethodInterceptor.java:81)
	at org.springframework.aop.framework.ReflectiveMethodInvocation.proceed(ReflectiveMethodInvocation.java:186)
	at org.springframework.transaction.interceptor.TransactionInterceptor$1.proceedWithInvocation(TransactionInterceptor.java:123)
	at org.springframework.transaction.interceptor.TransactionAspectSupport.invokeWithinTransaction(TransactionAspectSupport.java:388)
	at org.springframework.transaction.interceptor.TransactionInterceptor.invoke(TransactionInterceptor.java:119)
	at org.springframework.aop.framework.ReflectiveMethodInvocation.proceed(ReflectiveMethodInvocation.java:186)
	at org.springframework.dao.support.PersistenceExceptionTranslationInterceptor.invoke(PersistenceExceptionTranslationInterceptor.java:137)
	... 81 common frames omitted
Caused by: org.postgresql.util.PSQLException: ERROR: no existe la relación «sesion»
  Position: 181
	at org.postgresql.core.v3.QueryExecutorImpl.receiveErrorResponse(QueryExecutorImpl.java:2675)
	at org.postgresql.core.v3.QueryExecutorImpl.processResults(QueryExecutorImpl.java:2365)
	at org.postgresql.core.v3.QueryExecutorImpl.execute(QueryExecutorImpl.java:355)
	at org.postgresql.jdbc.PgStatement.executeInternal(PgStatement.java:490)
	at org.postgresql.jdbc.PgStatement.execute(PgStatement.java:408)
	at org.postgresql.jdbc.PgPreparedStatement.executeWithFlags(PgPreparedStatement.java:167)
	at org.postgresql.jdbc.PgPreparedStatement.executeQuery(PgPreparedStatement.java:119)
	at com.zaxxer.hikari.pool.ProxyPreparedStatement.executeQuery(ProxyPreparedStatement.java:52)
	at com.zaxxer.hikari.pool.HikariProxyPreparedStatement.executeQuery(HikariProxyPreparedStatement.java)
	at org.hibernate.engine.jdbc.internal.ResultSetReturnImpl.extract(ResultSetReturnImpl.java:57)
	... 114 common frames omitted
2023-02-06 22:08:15,414 INFO [restartedMain] org.springframework.boot.StartupInfoLogger: Starting SioduqApplication using Java 11.0.16 on LAPTOP-N2TLGJAS with PID 21408 (C:\Users\natal\Documents\Workspace\SIODUQ\build\classes\java\main started by natal in C:\Users\natal\Documents\Workspace\SIODUQ)
2023-02-06 22:08:15,430 INFO [restartedMain] org.springframework.boot.SpringApplication: No active profile set, falling back to 1 default profile: "default"
2023-02-06 22:08:15,524 INFO [restartedMain] org.springframework.boot.logging.DeferredLog: The Class-Path manifest attribute in C:\Users\natal\.gradle\caches\modules-2\files-2.1\io.grpc\grpc-netty-shaded\1.30.0\1c4b42f8dcff48f5ef6c1fec3812f610e5b59b6a\grpc-netty-shaded-1.30.0.jar referenced one or more files that do not exist: file:/C:/Users/natal/.gradle/caches/modules-2/files-2.1/io.grpc/grpc-netty-shaded/1.30.0/1c4b42f8dcff48f5ef6c1fec3812f610e5b59b6a/grpc-core-1.30.0.jar,file:/C:/Users/natal/.gradle/caches/modules-2/files-2.1/io.grpc/grpc-netty-shaded/1.30.0/1c4b42f8dcff48f5ef6c1fec3812f610e5b59b6a/grpc-api-1.30.0.jar,file:/C:/Users/natal/.gradle/caches/modules-2/files-2.1/io.grpc/grpc-netty-shaded/1.30.0/1c4b42f8dcff48f5ef6c1fec3812f610e5b59b6a/gson-2.8.6.jar,file:/C:/Users/natal/.gradle/caches/modules-2/files-2.1/io.grpc/grpc-netty-shaded/1.30.0/1c4b42f8dcff48f5ef6c1fec3812f610e5b59b6a/annotations-4.1.1.4.jar,file:/C:/Users/natal/.gradle/caches/modules-2/files-2.1/io.grpc/grpc-netty-shaded/1.30.0/1c4b42f8dcff48f5ef6c1fec3812f610e5b59b6a/animal-sniffer-annotations-1.18.jar,file:/C:/Users/natal/.gradle/caches/modules-2/files-2.1/io.grpc/grpc-netty-shaded/1.30.0/1c4b42f8dcff48f5ef6c1fec3812f610e5b59b6a/error_prone_annotations-2.3.4.jar,file:/C:/Users/natal/.gradle/caches/modules-2/files-2.1/io.grpc/grpc-netty-shaded/1.30.0/1c4b42f8dcff48f5ef6c1fec3812f610e5b59b6a/guava-28.2-android.jar,file:/C:/Users/natal/.gradle/caches/modules-2/files-2.1/io.grpc/grpc-netty-shaded/1.30.0/1c4b42f8dcff48f5ef6c1fec3812f610e5b59b6a/perfmark-api-0.19.0.jar,file:/C:/Users/natal/.gradle/caches/modules-2/files-2.1/io.grpc/grpc-netty-shaded/1.30.0/1c4b42f8dcff48f5ef6c1fec3812f610e5b59b6a/jsr305-3.0.2.jar,file:/C:/Users/natal/.gradle/caches/modules-2/files-2.1/io.grpc/grpc-netty-shaded/1.30.0/1c4b42f8dcff48f5ef6c1fec3812f610e5b59b6a/grpc-context-1.30.0.jar,file:/C:/Users/natal/.gradle/caches/modules-2/files-2.1/io.grpc/grpc-netty-shaded/1.30.0/1c4b42f8dcff48f5ef6c1fec3812f610e5b59b6a/failureaccess-1.0.1.jar,file:/C:/Users/natal/.gradle/caches/modules-2/files-2.1/io.grpc/grpc-netty-shaded/1.30.0/1c4b42f8dcff48f5ef6c1fec3812f610e5b59b6a/listenablefuture-9999.0-empty-to-avoid-conflict-with-guava.jar,file:/C:/Users/natal/.gradle/caches/modules-2/files-2.1/io.grpc/grpc-netty-shaded/1.30.0/1c4b42f8dcff48f5ef6c1fec3812f610e5b59b6a/checker-compat-qual-2.5.5.jar,file:/C:/Users/natal/.gradle/caches/modules-2/files-2.1/io.grpc/grpc-netty-shaded/1.30.0/1c4b42f8dcff48f5ef6c1fec3812f610e5b59b6a/j2objc-annotations-1.3.jar
2023-02-06 22:08:15,524 INFO [restartedMain] org.springframework.boot.logging.DeferredLog: The Class-Path manifest attribute in C:\Users\natal\.gradle\caches\modules-2\files-2.1\io.grpc\grpc-alts\1.30.0\8d6229ee0da24e3e799a189b32a05263d99d9f6e\grpc-alts-1.30.0.jar referenced one or more files that do not exist: file:/C:/Users/natal/.gradle/caches/modules-2/files-2.1/io.grpc/grpc-alts/1.30.0/8d6229ee0da24e3e799a189b32a05263d99d9f6e/grpc-auth-1.30.0.jar,file:/C:/Users/natal/.gradle/caches/modules-2/files-2.1/io.grpc/grpc-alts/1.30.0/8d6229ee0da24e3e799a189b32a05263d99d9f6e/grpc-grpclb-1.30.0.jar,file:/C:/Users/natal/.gradle/caches/modules-2/files-2.1/io.grpc/grpc-alts/1.30.0/8d6229ee0da24e3e799a189b32a05263d99d9f6e/grpc-protobuf-1.30.0.jar,file:/C:/Users/natal/.gradle/caches/modules-2/files-2.1/io.grpc/grpc-alts/1.30.0/8d6229ee0da24e3e799a189b32a05263d99d9f6e/grpc-stub-1.30.0.jar,file:/C:/Users/natal/.gradle/caches/modules-2/files-2.1/io.grpc/grpc-alts/1.30.0/8d6229ee0da24e3e799a189b32a05263d99d9f6e/commons-lang3-3.5.jar,file:/C:/Users/natal/.gradle/caches/modules-2/files-2.1/io.grpc/grpc-alts/1.30.0/8d6229ee0da24e3e799a189b32a05263d99d9f6e/protobuf-java-util-3.12.0.jar,file:/C:/Users/natal/.gradle/caches/modules-2/files-2.1/io.grpc/grpc-alts/1.30.0/8d6229ee0da24e3e799a189b32a05263d99d9f6e/protobuf-java-3.12.0.jar,file:/C:/Users/natal/.gradle/caches/modules-2/files-2.1/io.grpc/grpc-alts/1.30.0/8d6229ee0da24e3e799a189b32a05263d99d9f6e/conscrypt-openjdk-uber-2.2.1.jar,file:/C:/Users/natal/.gradle/caches/modules-2/files-2.1/io.grpc/grpc-alts/1.30.0/8d6229ee0da24e3e799a189b32a05263d99d9f6e/google-auth-library-oauth2-http-0.20.0.jar,file:/C:/Users/natal/.gradle/caches/modules-2/files-2.1/io.grpc/grpc-alts/1.30.0/8d6229ee0da24e3e799a189b32a05263d99d9f6e/grpc-netty-shaded-1.30.0.jar,file:/C:/Users/natal/.gradle/caches/modules-2/files-2.1/io.grpc/grpc-alts/1.30.0/8d6229ee0da24e3e799a189b32a05263d99d9f6e/grpc-core-1.30.0.jar,file:/C:/Users/natal/.gradle/caches/modules-2/files-2.1/io.grpc/grpc-alts/1.30.0/8d6229ee0da24e3e799a189b32a05263d99d9f6e/grpc-protobuf-lite-1.30.0.jar,file:/C:/Users/natal/.gradle/caches/modules-2/files-2.1/io.grpc/grpc-alts/1.30.0/8d6229ee0da24e3e799a189b32a05263d99d9f6e/grpc-api-1.30.0.jar,file:/C:/Users/natal/.gradle/caches/modules-2/files-2.1/io.grpc/grpc-alts/1.30.0/8d6229ee0da24e3e799a189b32a05263d99d9f6e/guava-28.2-android.jar,file:/C:/Users/natal/.gradle/caches/modules-2/files-2.1/io.grpc/grpc-alts/1.30.0/8d6229ee0da24e3e799a189b32a05263d99d9f6e/error_prone_annotations-2.3.4.jar,file:/C:/Users/natal/.gradle/caches/modules-2/files-2.1/io.grpc/grpc-alts/1.30.0/8d6229ee0da24e3e799a189b32a05263d99d9f6e/google-auth-library-credentials-0.20.0.jar,file:/C:/Users/natal/.gradle/caches/modules-2/files-2.1/io.grpc/grpc-alts/1.30.0/8d6229ee0da24e3e799a189b32a05263d99d9f6e/animal-sniffer-annotations-1.18.jar,file:/C:/Users/natal/.gradle/caches/modules-2/files-2.1/io.grpc/grpc-alts/1.30.0/8d6229ee0da24e3e799a189b32a05263d99d9f6e/google-http-client-jackson2-1.34.0.jar,file:/C:/Users/natal/.gradle/caches/modules-2/files-2.1/io.grpc/grpc-alts/1.30.0/8d6229ee0da24e3e799a189b32a05263d99d9f6e/google-http-client-1.34.0.jar,file:/C:/Users/natal/.gradle/caches/modules-2/files-2.1/io.grpc/grpc-alts/1.30.0/8d6229ee0da24e3e799a189b32a05263d99d9f6e/perfmark-api-0.19.0.jar,file:/C:/Users/natal/.gradle/caches/modules-2/files-2.1/io.grpc/grpc-alts/1.30.0/8d6229ee0da24e3e799a189b32a05263d99d9f6e/jsr305-3.0.2.jar,file:/C:/Users/natal/.gradle/caches/modules-2/files-2.1/io.grpc/grpc-alts/1.30.0/8d6229ee0da24e3e799a189b32a05263d99d9f6e/proto-google-common-protos-1.17.0.jar,file:/C:/Users/natal/.gradle/caches/modules-2/files-2.1/io.grpc/grpc-alts/1.30.0/8d6229ee0da24e3e799a189b32a05263d99d9f6e/auto-value-annotations-1.7.jar,file:/C:/Users/natal/.gradle/caches/modules-2/files-2.1/io.grpc/grpc-alts/1.30.0/8d6229ee0da24e3e799a189b32a05263d99d9f6e/failureaccess-1.0.1.jar,file:/C:/Users/natal/.gradle/caches/modules-2/files-2.1/io.grpc/grpc-alts/1.30.0/8d6229ee0da24e3e799a189b32a05263d99d9f6e/listenablefuture-9999.0-empty-to-avoid-conflict-with-guava.jar,file:/C:/Users/natal/.gradle/caches/modules-2/files-2.1/io.grpc/grpc-alts/1.30.0/8d6229ee0da24e3e799a189b32a05263d99d9f6e/checker-compat-qual-2.5.5.jar,file:/C:/Users/natal/.gradle/caches/modules-2/files-2.1/io.grpc/grpc-alts/1.30.0/8d6229ee0da24e3e799a189b32a05263d99d9f6e/j2objc-annotations-1.3.jar,file:/C:/Users/natal/.gradle/caches/modules-2/files-2.1/io.grpc/grpc-alts/1.30.0/8d6229ee0da24e3e799a189b32a05263d99d9f6e/grpc-context-1.30.0.jar,file:/C:/Users/natal/.gradle/caches/modules-2/files-2.1/io.grpc/grpc-alts/1.30.0/8d6229ee0da24e3e799a189b32a05263d99d9f6e/gson-2.8.6.jar,file:/C:/Users/natal/.gradle/caches/modules-2/files-2.1/io.grpc/grpc-alts/1.30.0/8d6229ee0da24e3e799a189b32a05263d99d9f6e/annotations-4.1.1.4.jar,file:/C:/Users/natal/.gradle/caches/modules-2/files-2.1/io.grpc/grpc-alts/1.30.0/8d6229ee0da24e3e799a189b32a05263d99d9f6e/httpclient-4.5.10.jar,file:/C:/Users/natal/.gradle/caches/modules-2/files-2.1/io.grpc/grpc-alts/1.30.0/8d6229ee0da24e3e799a189b32a05263d99d9f6e/httpcore-4.4.12.jar,file:/C:/Users/natal/.gradle/caches/modules-2/files-2.1/io.grpc/grpc-alts/1.30.0/8d6229ee0da24e3e799a189b32a05263d99d9f6e/opencensus-contrib-http-util-0.24.0.jar,file:/C:/Users/natal/.gradle/caches/modules-2/files-2.1/io.grpc/grpc-alts/1.30.0/8d6229ee0da24e3e799a189b32a05263d99d9f6e/opencensus-api-0.24.0.jar,file:/C:/Users/natal/.gradle/caches/modules-2/files-2.1/io.grpc/grpc-alts/1.30.0/8d6229ee0da24e3e799a189b32a05263d99d9f6e/jackson-core-2.10.1.jar,file:/C:/Users/natal/.gradle/caches/modules-2/files-2.1/io.grpc/grpc-alts/1.30.0/8d6229ee0da24e3e799a189b32a05263d99d9f6e/commons-logging-1.2.jar,file:/C:/Users/natal/.gradle/caches/modules-2/files-2.1/io.grpc/grpc-alts/1.30.0/8d6229ee0da24e3e799a189b32a05263d99d9f6e/commons-codec-1.11.jar
2023-02-06 22:08:15,527 INFO [restartedMain] org.springframework.boot.logging.DeferredLog: Devtools property defaults active! Set 'spring.devtools.add-properties' to 'false' to disable
2023-02-06 22:08:15,527 INFO [restartedMain] org.springframework.boot.logging.DeferredLog: For additional web related logging consider setting the 'logging.level.web' property to 'DEBUG'
2023-02-06 22:08:17,240 INFO [restartedMain] org.springframework.data.repository.config.RepositoryConfigurationDelegate: Bootstrapping Spring Data JPA repositories in DEFAULT mode.
2023-02-06 22:08:17,823 INFO [restartedMain] org.springframework.data.repository.config.RepositoryConfigurationDelegate: Finished Spring Data repository scanning in 551 ms. Found 37 JPA repository interfaces.
2023-02-06 22:08:19,459 INFO [restartedMain] org.springframework.boot.web.embedded.tomcat.TomcatWebServer: Tomcat initialized with port(s): 8080 (http)
2023-02-06 22:08:19,474 INFO [restartedMain] org.apache.juli.logging.DirectJDKLog: Initializing ProtocolHandler ["http-nio-8080"]
2023-02-06 22:08:19,474 INFO [restartedMain] org.apache.juli.logging.DirectJDKLog: Starting service [Tomcat]
2023-02-06 22:08:19,474 INFO [restartedMain] org.apache.juli.logging.DirectJDKLog: Starting Servlet engine: [Apache Tomcat/9.0.65]
2023-02-06 22:08:19,648 INFO [restartedMain] org.apache.juli.logging.DirectJDKLog: Initializing Spring embedded WebApplicationContext
2023-02-06 22:08:19,648 INFO [restartedMain] org.springframework.boot.web.servlet.context.ServletWebServerApplicationContext: Root WebApplicationContext: initialization completed in 4120 ms
2023-02-06 22:08:19,932 INFO [restartedMain] com.zaxxer.hikari.HikariDataSource: HikariPool-1 - Starting...
2023-02-06 22:08:20,243 INFO [restartedMain] com.zaxxer.hikari.HikariDataSource: HikariPool-1 - Start completed.
2023-02-06 22:08:20,373 INFO [restartedMain] org.hibernate.jpa.internal.util.LogHelper: HHH000204: Processing PersistenceUnitInfo [name: default]
2023-02-06 22:08:20,514 INFO [restartedMain] org.hibernate.Version: HHH000412: Hibernate ORM core version 5.6.10.Final
2023-02-06 22:08:20,768 INFO [restartedMain] org.hibernate.annotations.common.reflection.java.JavaReflectionManager: HCANN000001: Hibernate Commons Annotations {5.1.2.Final}
2023-02-06 22:08:20,979 INFO [restartedMain] org.hibernate.dialect.Dialect: HHH000400: Using dialect: org.hibernate.dialect.PostgreSQLDialect
2023-02-06 22:08:22,906 INFO [restartedMain] org.hibernate.engine.transaction.jta.platform.internal.JtaPlatformInitiator: HHH000490: Using JtaPlatform implementation: [org.hibernate.engine.transaction.jta.platform.internal.NoJtaPlatform]
2023-02-06 22:08:22,913 INFO [restartedMain] org.springframework.orm.jpa.AbstractEntityManagerFactoryBean: Initialized JPA EntityManagerFactory for persistence unit 'default'
2023-02-06 22:08:24,931 WARN [restartedMain] org.springframework.boot.autoconfigure.orm.jpa.JpaBaseConfiguration$JpaWebConfiguration: spring.jpa.open-in-view is enabled by default. Therefore, database queries may be performed during view rendering. Explicitly configure spring.jpa.open-in-view to disable this warning
2023-02-06 22:08:25,233 INFO [restartedMain] org.springframework.security.web.DefaultSecurityFilterChain: Will secure any request with [org.springframework.security.web.session.DisableEncodeUrlFilter@50b5624a, org.springframework.security.web.context.request.async.WebAsyncManagerIntegrationFilter@76c0e969, org.springframework.security.web.context.SecurityContextPersistenceFilter@722ab602, org.springframework.security.web.header.HeaderWriterFilter@740f617d, org.springframework.security.web.csrf.CsrfFilter@898628c, org.springframework.security.web.authentication.logout.LogoutFilter@ba74006, org.springframework.security.web.authentication.UsernamePasswordAuthenticationFilter@23d63175, org.springframework.security.web.savedrequest.RequestCacheAwareFilter@450e9102, org.springframework.security.web.servletapi.SecurityContextHolderAwareRequestFilter@1b993571, org.springframework.security.web.authentication.AnonymousAuthenticationFilter@11464149, org.springframework.security.web.session.SessionManagementFilter@6fd23036, org.springframework.security.web.access.ExceptionTranslationFilter@448b03f9, org.springframework.security.web.access.intercept.FilterSecurityInterceptor@5ff99e91]
2023-02-06 22:08:25,479 INFO [restartedMain] org.springframework.boot.autoconfigure.web.servlet.WelcomePageHandlerMapping: Adding welcome page template: index
2023-02-06 22:08:26,640 INFO [restartedMain] org.springframework.boot.devtools.autoconfigure.OptionalLiveReloadServer: LiveReload server is running on port 35729
2023-02-06 22:08:26,685 INFO [restartedMain] org.apache.juli.logging.DirectJDKLog: Starting ProtocolHandler ["http-nio-8080"]
2023-02-06 22:08:26,766 INFO [restartedMain] org.springframework.boot.web.embedded.tomcat.TomcatWebServer: Tomcat started on port(s): 8080 (http) with context path ''
2023-02-06 22:08:26,814 INFO [restartedMain] org.springframework.boot.StartupInfoLogger: Started SioduqApplication in 12.322 seconds (JVM running for 13.663)
2023-02-06 22:08:38,077 INFO [http-nio-8080-exec-1] org.apache.juli.logging.DirectJDKLog: Initializing Spring DispatcherServlet 'dispatcherServlet'
2023-02-06 22:08:38,077 INFO [http-nio-8080-exec-1] org.springframework.web.servlet.FrameworkServlet: Initializing Servlet 'dispatcherServlet'
2023-02-06 22:08:38,090 INFO [http-nio-8080-exec-1] org.springframework.web.servlet.FrameworkServlet: Completed initialization in 13 ms
2023-02-06 22:08:38,545 WARN [http-nio-8080-exec-1] org.apache.juli.logging.DirectJDKLog: Creation of SecureRandom instance for session ID generation using [SHA1PRNG] took [363] milliseconds.
2023-02-06 22:08:47,527 DEBUG [http-nio-8080-exec-9] org.hibernate.engine.jdbc.spi.SqlStatementLogger: 
    select
        sesion0_.id_sesion as id_sesio1_22_,
        sesion0_.password as password2_22_,
        sesion0_.persona as persona4_22_,
        sesion0_.rol as rol5_22_,
        sesion0_.username as username3_22_ 
    from
        sesion sesion0_ 
    where
        sesion0_.username=?
2023-02-06 22:08:47,540 TRACE [http-nio-8080-exec-9] org.hibernate.type.descriptor.sql.BasicBinder: binding parameter [1] as [VARCHAR] - [admin]
2023-02-06 22:08:47,634 DEBUG [http-nio-8080-exec-9] org.hibernate.engine.jdbc.spi.SqlStatementLogger: 
    select
        persona0_.id_persona as id_perso1_19_0_,
        persona0_.celular as celular2_19_0_,
        persona0_.correo as correo3_19_0_,
        persona0_.identificacion as identifi4_19_0_,
        persona0_.nombre as nombre5_19_0_,
        persona0_.programa as programa6_19_0_,
        persona0_.tipoidentificacion as tipoiden7_19_0_,
        programa1_.id_programa as id_progr1_20_1_,
        programa1_.ext as ext2_20_1_,
        programa1_.nombre as nombre3_20_1_,
        tipoidenti2_.id_tipo_identificacion as id_tipo_1_26_2_,
        tipoidenti2_.nombre as nombre2_26_2_ 
    from
        persona persona0_ 
    left outer join
        programa programa1_ 
            on persona0_.programa=programa1_.id_programa 
    left outer join
        tipo_identificacion tipoidenti2_ 
            on persona0_.tipoidentificacion=tipoidenti2_.id_tipo_identificacion 
    where
        persona0_.id_persona=?
2023-02-06 22:08:47,646 TRACE [http-nio-8080-exec-9] org.hibernate.type.descriptor.sql.BasicBinder: binding parameter [1] as [INTEGER] - [2]
2023-02-06 22:08:47,699 DEBUG [http-nio-8080-exec-9] org.hibernate.engine.jdbc.spi.SqlStatementLogger: 
    select
        rol0_.id_rol as id_rol1_21_0_,
        rol0_.nombre as nombre2_21_0_ 
    from
        rol rol0_ 
    where
        rol0_.id_rol=?
2023-02-06 22:08:47,699 TRACE [http-nio-8080-exec-9] org.hibernate.type.descriptor.sql.BasicBinder: binding parameter [1] as [INTEGER] - [2]
2023-02-06 22:09:00,787 DEBUG [http-nio-8080-exec-3] org.hibernate.engine.jdbc.spi.SqlStatementLogger: 
    select
        sesion0_.id_sesion as id_sesio1_22_,
        sesion0_.password as password2_22_,
        sesion0_.persona as persona4_22_,
        sesion0_.rol as rol5_22_,
        sesion0_.username as username3_22_ 
    from
        sesion sesion0_ 
    where
        sesion0_.username=?
2023-02-06 22:09:00,787 TRACE [http-nio-8080-exec-3] org.hibernate.type.descriptor.sql.BasicBinder: binding parameter [1] as [VARCHAR] - [1094976741]
2023-02-06 22:09:00,787 DEBUG [http-nio-8080-exec-3] org.hibernate.engine.jdbc.spi.SqlStatementLogger: 
    select
        persona0_.id_persona as id_perso1_19_0_,
        persona0_.celular as celular2_19_0_,
        persona0_.correo as correo3_19_0_,
        persona0_.identificacion as identifi4_19_0_,
        persona0_.nombre as nombre5_19_0_,
        persona0_.programa as programa6_19_0_,
        persona0_.tipoidentificacion as tipoiden7_19_0_,
        programa1_.id_programa as id_progr1_20_1_,
        programa1_.ext as ext2_20_1_,
        programa1_.nombre as nombre3_20_1_,
        tipoidenti2_.id_tipo_identificacion as id_tipo_1_26_2_,
        tipoidenti2_.nombre as nombre2_26_2_ 
    from
        persona persona0_ 
    left outer join
        programa programa1_ 
            on persona0_.programa=programa1_.id_programa 
    left outer join
        tipo_identificacion tipoidenti2_ 
            on persona0_.tipoidentificacion=tipoidenti2_.id_tipo_identificacion 
    where
        persona0_.id_persona=?
2023-02-06 22:09:00,787 TRACE [http-nio-8080-exec-3] org.hibernate.type.descriptor.sql.BasicBinder: binding parameter [1] as [INTEGER] - [1]
2023-02-06 22:09:00,787 DEBUG [http-nio-8080-exec-3] org.hibernate.engine.jdbc.spi.SqlStatementLogger: 
    select
        rol0_.id_rol as id_rol1_21_0_,
        rol0_.nombre as nombre2_21_0_ 
    from
        rol rol0_ 
    where
        rol0_.id_rol=?
2023-02-06 22:09:00,796 TRACE [http-nio-8080-exec-3] org.hibernate.type.descriptor.sql.BasicBinder: binding parameter [1] as [INTEGER] - [1]
2023-02-06 22:09:00,977 INFO [http-nio-8080-exec-8] com.uniquindio.trabajogrado.SIODUQ.controlador.ControladorInicio: El acceso fue con el usuario org.springframework.security.core.userdetails.User [Username=1094976741, Password=[PROTECTED], Enabled=true, AccountNonExpired=true, credentialsNonExpired=true, AccountNonLocked=true, Granted Authorities=[ROLE_USER]]
2023-02-06 22:09:00,977 DEBUG [http-nio-8080-exec-8] org.hibernate.engine.jdbc.spi.SqlStatementLogger: 
    select
        sesion0_.id_sesion as id_sesio1_22_,
        sesion0_.password as password2_22_,
        sesion0_.persona as persona4_22_,
        sesion0_.rol as rol5_22_,
        sesion0_.username as username3_22_ 
    from
        sesion sesion0_ 
    where
        sesion0_.username=?
2023-02-06 22:09:00,979 TRACE [http-nio-8080-exec-8] org.hibernate.type.descriptor.sql.BasicBinder: binding parameter [1] as [VARCHAR] - [1094976741]
2023-02-06 22:09:00,979 DEBUG [http-nio-8080-exec-8] org.hibernate.engine.jdbc.spi.SqlStatementLogger: 
    select
        persona0_.id_persona as id_perso1_19_0_,
        persona0_.celular as celular2_19_0_,
        persona0_.correo as correo3_19_0_,
        persona0_.identificacion as identifi4_19_0_,
        persona0_.nombre as nombre5_19_0_,
        persona0_.programa as programa6_19_0_,
        persona0_.tipoidentificacion as tipoiden7_19_0_,
        programa1_.id_programa as id_progr1_20_1_,
        programa1_.ext as ext2_20_1_,
        programa1_.nombre as nombre3_20_1_,
        tipoidenti2_.id_tipo_identificacion as id_tipo_1_26_2_,
        tipoidenti2_.nombre as nombre2_26_2_ 
    from
        persona persona0_ 
    left outer join
        programa programa1_ 
            on persona0_.programa=programa1_.id_programa 
    left outer join
        tipo_identificacion tipoidenti2_ 
            on persona0_.tipoidentificacion=tipoidenti2_.id_tipo_identificacion 
    where
        persona0_.id_persona=?
2023-02-06 22:09:00,979 TRACE [http-nio-8080-exec-8] org.hibernate.type.descriptor.sql.BasicBinder: binding parameter [1] as [INTEGER] - [1]
2023-02-06 22:09:00,979 DEBUG [http-nio-8080-exec-8] org.hibernate.engine.jdbc.spi.SqlStatementLogger: 
    select
        rol0_.id_rol as id_rol1_21_0_,
        rol0_.nombre as nombre2_21_0_ 
    from
        rol rol0_ 
    where
        rol0_.id_rol=?
2023-02-06 22:09:00,979 TRACE [http-nio-8080-exec-8] org.hibernate.type.descriptor.sql.BasicBinder: binding parameter [1] as [INTEGER] - [1]
2023-02-06 22:09:00,979 DEBUG [http-nio-8080-exec-8] org.hibernate.engine.jdbc.spi.SqlStatementLogger: 
    select
        solicitud0_.id_solicitud as id_solic1_23_,
        solicitud0_.codigo as codigo2_23_,
        solicitud0_.estado as estado5_23_,
        solicitud0_.fechacreacion as fechacre3_23_,
        solicitud0_.formulario as formular6_23_,
        solicitud0_.persona as persona7_23_,
        solicitud0_.puntajetentativo as puntajet4_23_,
        solicitud0_.tiposolicitud as tiposoli8_23_ 
    from
        solicitud solicitud0_ 
    where
        solicitud0_.persona=?
2023-02-06 22:09:00,993 TRACE [http-nio-8080-exec-8] org.hibernate.type.descriptor.sql.BasicBinder: binding parameter [1] as [INTEGER] - [1]
2023-02-06 22:09:01,002 DEBUG [http-nio-8080-exec-8] org.hibernate.engine.jdbc.spi.SqlStatementLogger: 
    select
        estado0_.id_estado as id_estad1_1_0_,
        estado0_.nombre as nombre2_1_0_ 
    from
        estado estado0_ 
    where
        estado0_.id_estado=?
2023-02-06 22:09:01,002 TRACE [http-nio-8080-exec-8] org.hibernate.type.descriptor.sql.BasicBinder: binding parameter [1] as [INTEGER] - [1]
2023-02-06 22:09:01,009 DEBUG [http-nio-8080-exec-8] org.hibernate.engine.jdbc.spi.SqlStatementLogger: 
    select
        formulario0_.idformulario as idformul1_17_0_,
        formulario0_.codigo as codigo2_17_0_,
        formulario0_.fechapresentacion as fechapre3_17_0_,
        formulario0_.nombreautores as nombreau4_17_0_,
        formulario0_.numeroautores as numeroau5_17_0_ 
    from
        formulario formulario0_ 
    where
        formulario0_.idformulario=?
2023-02-06 22:09:01,010 TRACE [http-nio-8080-exec-8] org.hibernate.type.descriptor.sql.BasicBinder: binding parameter [1] as [INTEGER] - [1]
2023-02-06 22:09:01,014 DEBUG [http-nio-8080-exec-8] org.hibernate.engine.jdbc.spi.SqlStatementLogger: 
    select
        tiposolici0_.id_tipo_solicitud as id_tipo_1_34_0_,
        tiposolici0_.nombre as nombre2_34_0_ 
    from
        tipo_solicitud tiposolici0_ 
    where
        tiposolici0_.id_tipo_solicitud=?
2023-02-06 22:09:01,014 TRACE [http-nio-8080-exec-8] org.hibernate.type.descriptor.sql.BasicBinder: binding parameter [1] as [INTEGER] - [1]
2023-02-06 22:09:01,018 DEBUG [http-nio-8080-exec-8] org.hibernate.engine.jdbc.spi.SqlStatementLogger: 
    select
        formulario0_.idformulario as idformul1_17_0_,
        formulario0_.codigo as codigo2_17_0_,
        formulario0_.fechapresentacion as fechapre3_17_0_,
        formulario0_.nombreautores as nombreau4_17_0_,
        formulario0_.numeroautores as numeroau5_17_0_ 
    from
        formulario formulario0_ 
    where
        formulario0_.idformulario=?
2023-02-06 22:09:01,018 TRACE [http-nio-8080-exec-8] org.hibernate.type.descriptor.sql.BasicBinder: binding parameter [1] as [INTEGER] - [22]
2023-02-06 22:09:01,018 DEBUG [http-nio-8080-exec-8] org.hibernate.engine.jdbc.spi.SqlStatementLogger: 
    select
        formulario0_.idformulario as idformul1_17_0_,
        formulario0_.codigo as codigo2_17_0_,
        formulario0_.fechapresentacion as fechapre3_17_0_,
        formulario0_.nombreautores as nombreau4_17_0_,
        formulario0_.numeroautores as numeroau5_17_0_ 
    from
        formulario formulario0_ 
    where
        formulario0_.idformulario=?
2023-02-06 22:09:01,018 TRACE [http-nio-8080-exec-8] org.hibernate.type.descriptor.sql.BasicBinder: binding parameter [1] as [INTEGER] - [23]
2023-02-06 22:09:01,022 DEBUG [http-nio-8080-exec-8] org.hibernate.engine.jdbc.spi.SqlStatementLogger: 
    select
        formulario0_.idformulario as idformul1_17_0_,
        formulario0_.codigo as codigo2_17_0_,
        formulario0_.fechapresentacion as fechapre3_17_0_,
        formulario0_.nombreautores as nombreau4_17_0_,
        formulario0_.numeroautores as numeroau5_17_0_ 
    from
        formulario formulario0_ 
    where
        formulario0_.idformulario=?
2023-02-06 22:09:01,022 TRACE [http-nio-8080-exec-8] org.hibernate.type.descriptor.sql.BasicBinder: binding parameter [1] as [INTEGER] - [24]
2023-02-06 22:09:01,025 DEBUG [http-nio-8080-exec-8] org.hibernate.engine.jdbc.spi.SqlStatementLogger: 
    select
        formulario0_.idformulario as idformul1_17_0_,
        formulario0_.codigo as codigo2_17_0_,
        formulario0_.fechapresentacion as fechapre3_17_0_,
        formulario0_.nombreautores as nombreau4_17_0_,
        formulario0_.numeroautores as numeroau5_17_0_ 
    from
        formulario formulario0_ 
    where
        formulario0_.idformulario=?
2023-02-06 22:09:01,025 TRACE [http-nio-8080-exec-8] org.hibernate.type.descriptor.sql.BasicBinder: binding parameter [1] as [INTEGER] - [25]
2023-02-06 22:09:01,027 DEBUG [http-nio-8080-exec-8] org.hibernate.engine.jdbc.spi.SqlStatementLogger: 
    select
        tiposolici0_.id_tipo_solicitud as id_tipo_1_34_0_,
        tiposolici0_.nombre as nombre2_34_0_ 
    from
        tipo_solicitud tiposolici0_ 
    where
        tiposolici0_.id_tipo_solicitud=?
2023-02-06 22:09:01,027 TRACE [http-nio-8080-exec-8] org.hibernate.type.descriptor.sql.BasicBinder: binding parameter [1] as [INTEGER] - [2]
2023-02-06 22:09:01,027 DEBUG [http-nio-8080-exec-8] org.hibernate.engine.jdbc.spi.SqlStatementLogger: 
    select
        formulario0_.idformulario as idformul1_17_0_,
        formulario0_.codigo as codigo2_17_0_,
        formulario0_.fechapresentacion as fechapre3_17_0_,
        formulario0_.nombreautores as nombreau4_17_0_,
        formulario0_.numeroautores as numeroau5_17_0_ 
    from
        formulario formulario0_ 
    where
        formulario0_.idformulario=?
2023-02-06 22:09:01,027 TRACE [http-nio-8080-exec-8] org.hibernate.type.descriptor.sql.BasicBinder: binding parameter [1] as [INTEGER] - [27]
2023-02-06 22:09:01,027 DEBUG [http-nio-8080-exec-8] org.hibernate.engine.jdbc.spi.SqlStatementLogger: 
    select
        formulario0_.idformulario as idformul1_17_0_,
        formulario0_.codigo as codigo2_17_0_,
        formulario0_.fechapresentacion as fechapre3_17_0_,
        formulario0_.nombreautores as nombreau4_17_0_,
        formulario0_.numeroautores as numeroau5_17_0_ 
    from
        formulario formulario0_ 
    where
        formulario0_.idformulario=?
2023-02-06 22:09:01,027 TRACE [http-nio-8080-exec-8] org.hibernate.type.descriptor.sql.BasicBinder: binding parameter [1] as [INTEGER] - [28]
2023-02-06 22:09:01,027 DEBUG [http-nio-8080-exec-8] org.hibernate.engine.jdbc.spi.SqlStatementLogger: 
    select
        formulario0_.idformulario as idformul1_17_0_,
        formulario0_.codigo as codigo2_17_0_,
        formulario0_.fechapresentacion as fechapre3_17_0_,
        formulario0_.nombreautores as nombreau4_17_0_,
        formulario0_.numeroautores as numeroau5_17_0_ 
    from
        formulario formulario0_ 
    where
        formulario0_.idformulario=?
2023-02-06 22:09:01,027 TRACE [http-nio-8080-exec-8] org.hibernate.type.descriptor.sql.BasicBinder: binding parameter [1] as [INTEGER] - [29]
2023-02-06 22:09:01,027 DEBUG [http-nio-8080-exec-8] org.hibernate.engine.jdbc.spi.SqlStatementLogger: 
    select
        formulario0_.idformulario as idformul1_17_0_,
        formulario0_.codigo as codigo2_17_0_,
        formulario0_.fechapresentacion as fechapre3_17_0_,
        formulario0_.nombreautores as nombreau4_17_0_,
        formulario0_.numeroautores as numeroau5_17_0_ 
    from
        formulario formulario0_ 
    where
        formulario0_.idformulario=?
2023-02-06 22:09:01,027 TRACE [http-nio-8080-exec-8] org.hibernate.type.descriptor.sql.BasicBinder: binding parameter [1] as [INTEGER] - [30]
2023-02-06 22:09:01,027 DEBUG [http-nio-8080-exec-8] org.hibernate.engine.jdbc.spi.SqlStatementLogger: 
    select
        formulario0_.idformulario as idformul1_17_0_,
        formulario0_.codigo as codigo2_17_0_,
        formulario0_.fechapresentacion as fechapre3_17_0_,
        formulario0_.nombreautores as nombreau4_17_0_,
        formulario0_.numeroautores as numeroau5_17_0_ 
    from
        formulario formulario0_ 
    where
        formulario0_.idformulario=?
2023-02-06 22:09:01,027 TRACE [http-nio-8080-exec-8] org.hibernate.type.descriptor.sql.BasicBinder: binding parameter [1] as [INTEGER] - [31]
2023-02-06 22:09:01,027 DEBUG [http-nio-8080-exec-8] org.hibernate.engine.jdbc.spi.SqlStatementLogger: 
    select
        formulario0_.idformulario as idformul1_17_0_,
        formulario0_.codigo as codigo2_17_0_,
        formulario0_.fechapresentacion as fechapre3_17_0_,
        formulario0_.nombreautores as nombreau4_17_0_,
        formulario0_.numeroautores as numeroau5_17_0_ 
    from
        formulario formulario0_ 
    where
        formulario0_.idformulario=?
2023-02-06 22:09:01,027 TRACE [http-nio-8080-exec-8] org.hibernate.type.descriptor.sql.BasicBinder: binding parameter [1] as [INTEGER] - [32]
2023-02-06 22:09:01,027 DEBUG [http-nio-8080-exec-8] org.hibernate.engine.jdbc.spi.SqlStatementLogger: 
    select
        formulario0_.idformulario as idformul1_17_0_,
        formulario0_.codigo as codigo2_17_0_,
        formulario0_.fechapresentacion as fechapre3_17_0_,
        formulario0_.nombreautores as nombreau4_17_0_,
        formulario0_.numeroautores as numeroau5_17_0_ 
    from
        formulario formulario0_ 
    where
        formulario0_.idformulario=?
2023-02-06 22:09:01,040 TRACE [http-nio-8080-exec-8] org.hibernate.type.descriptor.sql.BasicBinder: binding parameter [1] as [INTEGER] - [33]
2023-02-06 22:09:01,041 DEBUG [http-nio-8080-exec-8] org.hibernate.engine.jdbc.spi.SqlStatementLogger: 
    select
        estado0_.id_estado as id_estad1_1_0_,
        estado0_.nombre as nombre2_1_0_ 
    from
        estado estado0_ 
    where
        estado0_.id_estado=?
2023-02-06 22:09:01,041 TRACE [http-nio-8080-exec-8] org.hibernate.type.descriptor.sql.BasicBinder: binding parameter [1] as [INTEGER] - [2]
2023-02-06 22:09:01,041 DEBUG [http-nio-8080-exec-8] org.hibernate.engine.jdbc.spi.SqlStatementLogger: 
    select
        formulario0_.idformulario as idformul1_17_0_,
        formulario0_.codigo as codigo2_17_0_,
        formulario0_.fechapresentacion as fechapre3_17_0_,
        formulario0_.nombreautores as nombreau4_17_0_,
        formulario0_.numeroautores as numeroau5_17_0_ 
    from
        formulario formulario0_ 
    where
        formulario0_.idformulario=?
2023-02-06 22:09:01,044 TRACE [http-nio-8080-exec-8] org.hibernate.type.descriptor.sql.BasicBinder: binding parameter [1] as [INTEGER] - [34]
2023-02-06 22:09:01,046 DEBUG [http-nio-8080-exec-8] org.hibernate.engine.jdbc.spi.SqlStatementLogger: 
    select
        formulario0_.idformulario as idformul1_17_0_,
        formulario0_.codigo as codigo2_17_0_,
        formulario0_.fechapresentacion as fechapre3_17_0_,
        formulario0_.nombreautores as nombreau4_17_0_,
        formulario0_.numeroautores as numeroau5_17_0_ 
    from
        formulario formulario0_ 
    where
        formulario0_.idformulario=?
2023-02-06 22:09:01,046 TRACE [http-nio-8080-exec-8] org.hibernate.type.descriptor.sql.BasicBinder: binding parameter [1] as [INTEGER] - [13]
2023-02-06 22:09:01,046 DEBUG [http-nio-8080-exec-8] org.hibernate.engine.jdbc.spi.SqlStatementLogger: 
    select
        estado0_.id_estado as id_estad1_1_0_,
        estado0_.nombre as nombre2_1_0_ 
    from
        estado estado0_ 
    where
        estado0_.id_estado=?
2023-02-06 22:09:01,046 TRACE [http-nio-8080-exec-8] org.hibernate.type.descriptor.sql.BasicBinder: binding parameter [1] as [INTEGER] - [5]
2023-02-06 22:09:01,048 DEBUG [http-nio-8080-exec-8] org.hibernate.engine.jdbc.spi.SqlStatementLogger: 
    select
        formulario0_.idformulario as idformul1_17_0_,
        formulario0_.codigo as codigo2_17_0_,
        formulario0_.fechapresentacion as fechapre3_17_0_,
        formulario0_.nombreautores as nombreau4_17_0_,
        formulario0_.numeroautores as numeroau5_17_0_ 
    from
        formulario formulario0_ 
    where
        formulario0_.idformulario=?
2023-02-06 22:09:01,048 TRACE [http-nio-8080-exec-8] org.hibernate.type.descriptor.sql.BasicBinder: binding parameter [1] as [INTEGER] - [15]
2023-02-06 22:09:01,048 DEBUG [http-nio-8080-exec-8] org.hibernate.engine.jdbc.spi.SqlStatementLogger: 
    select
        estado0_.id_estado as id_estad1_1_0_,
        estado0_.nombre as nombre2_1_0_ 
    from
        estado estado0_ 
    where
        estado0_.id_estado=?
2023-02-06 22:09:01,048 TRACE [http-nio-8080-exec-8] org.hibernate.type.descriptor.sql.BasicBinder: binding parameter [1] as [INTEGER] - [6]
2023-02-06 22:09:01,053 DEBUG [http-nio-8080-exec-8] org.hibernate.engine.jdbc.spi.SqlStatementLogger: 
    select
        formulario0_.idformulario as idformul1_17_0_,
        formulario0_.codigo as codigo2_17_0_,
        formulario0_.fechapresentacion as fechapre3_17_0_,
        formulario0_.nombreautores as nombreau4_17_0_,
        formulario0_.numeroautores as numeroau5_17_0_ 
    from
        formulario formulario0_ 
    where
        formulario0_.idformulario=?
2023-02-06 22:09:01,053 TRACE [http-nio-8080-exec-8] org.hibernate.type.descriptor.sql.BasicBinder: binding parameter [1] as [INTEGER] - [18]
2023-02-06 22:09:01,053 DEBUG [http-nio-8080-exec-8] org.hibernate.engine.jdbc.spi.SqlStatementLogger: 
    select
        estado0_.id_estado as id_estad1_1_0_,
        estado0_.nombre as nombre2_1_0_ 
    from
        estado estado0_ 
    where
        estado0_.id_estado=?
2023-02-06 22:09:01,053 TRACE [http-nio-8080-exec-8] org.hibernate.type.descriptor.sql.BasicBinder: binding parameter [1] as [INTEGER] - [7]
2023-02-06 22:09:01,053 DEBUG [http-nio-8080-exec-8] org.hibernate.engine.jdbc.spi.SqlStatementLogger: 
    select
        formulario0_.idformulario as idformul1_17_0_,
        formulario0_.codigo as codigo2_17_0_,
        formulario0_.fechapresentacion as fechapre3_17_0_,
        formulario0_.nombreautores as nombreau4_17_0_,
        formulario0_.numeroautores as numeroau5_17_0_ 
    from
        formulario formulario0_ 
    where
        formulario0_.idformulario=?
2023-02-06 22:09:01,056 TRACE [http-nio-8080-exec-8] org.hibernate.type.descriptor.sql.BasicBinder: binding parameter [1] as [INTEGER] - [19]
2023-02-06 22:09:01,058 DEBUG [http-nio-8080-exec-8] org.hibernate.engine.jdbc.spi.SqlStatementLogger: 
    select
        estado0_.id_estado as id_estad1_1_0_,
        estado0_.nombre as nombre2_1_0_ 
    from
        estado estado0_ 
    where
        estado0_.id_estado=?
2023-02-06 22:09:01,059 TRACE [http-nio-8080-exec-8] org.hibernate.type.descriptor.sql.BasicBinder: binding parameter [1] as [INTEGER] - [8]
2023-02-06 22:09:01,059 DEBUG [http-nio-8080-exec-8] org.hibernate.engine.jdbc.spi.SqlStatementLogger: 
    select
        formulario0_.idformulario as idformul1_17_0_,
        formulario0_.codigo as codigo2_17_0_,
        formulario0_.fechapresentacion as fechapre3_17_0_,
        formulario0_.nombreautores as nombreau4_17_0_,
        formulario0_.numeroautores as numeroau5_17_0_ 
    from
        formulario formulario0_ 
    where
        formulario0_.idformulario=?
2023-02-06 22:09:01,061 TRACE [http-nio-8080-exec-8] org.hibernate.type.descriptor.sql.BasicBinder: binding parameter [1] as [INTEGER] - [20]
2023-02-06 22:09:01,062 DEBUG [http-nio-8080-exec-8] org.hibernate.engine.jdbc.spi.SqlStatementLogger: 
    select
        estado0_.id_estado as id_estad1_1_0_,
        estado0_.nombre as nombre2_1_0_ 
    from
        estado estado0_ 
    where
        estado0_.id_estado=?
2023-02-06 22:09:01,062 TRACE [http-nio-8080-exec-8] org.hibernate.type.descriptor.sql.BasicBinder: binding parameter [1] as [INTEGER] - [9]
2023-02-06 22:09:01,062 DEBUG [http-nio-8080-exec-8] org.hibernate.engine.jdbc.spi.SqlStatementLogger: 
    select
        formulario0_.idformulario as idformul1_17_0_,
        formulario0_.codigo as codigo2_17_0_,
        formulario0_.fechapresentacion as fechapre3_17_0_,
        formulario0_.nombreautores as nombreau4_17_0_,
        formulario0_.numeroautores as numeroau5_17_0_ 
    from
        formulario formulario0_ 
    where
        formulario0_.idformulario=?
2023-02-06 22:09:01,062 TRACE [http-nio-8080-exec-8] org.hibernate.type.descriptor.sql.BasicBinder: binding parameter [1] as [INTEGER] - [21]
